#
# A fatal error has been detected by the Java Runtime Environment:
#
#  EXCEPTION_ACCESS_VIOLATION (0xc0000005) at pc=0x00000000582d3608, pid=10992, tid=0x0000000000002cb4
#
# JRE version: Java(TM) SE Runtime Environment (8.0_111-b14) (build 1.8.0_111-b14)
# Java VM: Java HotSpot(TM) 64-Bit Server VM (25.111-b14 mixed mode windows-amd64 compressed oops)
# Problematic frame:
# V  [jvm.dll+0x43608]
#
# Failed to write core dump. Minidumps are not enabled by default on client versions of Windows
#
# If you would like to submit a bug report, please visit:
#   http://bugreport.java.com/bugreport/crash.jsp
#

---------------  T H R E A D  ---------------

Current thread (0x0000000016893000):  JavaThread "C1 CompilerThread3" daemon [_thread_in_vm, id=11444, stack(0x0000000017420000,0x0000000017520000)]

siginfo: ExceptionCode=0xc0000005, reading address 0xffffffffffffffff

Registers:
RAX=0x0000000016893000, RBX=0x00000000030052c0, RCX=0x00000000030052c0, RDX=0x00000000030052c0
RSP=0x000000001751d3c0, RBP=0x000000001799c490, RSI=0x00000000030052c0, RDI=0x0000000000000000
R8 =0x3cccc588ffff0013, R9 =0x0000000000000000, R10=0x000000001799c6c0, R11=0x000000001b658260
R12=0x0000000016893000, R13=0x000000001799c490, R14=0x000000001a4d6d30, R15=0x0000000000000000
RIP=0x00000000582d3608, EFLAGS=0x0000000000010202

Top of Stack: (sp=0x000000001751d3c0)
0x000000001751d3c0:   00000000000000b6 000000001751f970
0x000000001751d3d0:   0000000000000000 0000000000000077
0x000000001751d3e0:   000000001d299028 000000001751f970
0x000000001751d3f0:   000000001751d4d0 00000000582bfe25
0x000000001751d400:   00000000000000e7 00000000582d3999
0x000000001751d410:   0000000000000077 0000000000000077
0x000000001751d420:   0000000000000000 0000000000000000
0x000000001751d430:   00000000000000b6 000000001a233930
0x000000001751d440:   0000000002fb9b50 00000000582d1c6b
0x000000001751d450:   0000000000000000 0000000016893000
0x000000001751d460:   000000001a4d7ea0 00000000582bce0f
0x000000001751d470:   0000000016893000 00000000582d6f80
0x000000001751d480:   0000000016893000 0000000016893000
0x000000001751d490:   000000001a233930 00000000586b0aeb
0x000000001751d4a0:   0000000000000000 0000000000000000
0x000000001751d4b0:   000000001a4d7ea0 0000000000000000 

Instructions: (pc=0x00000000582d3608)
0x00000000582d35e8:   00 48 8b da ff 15 fe 7d 59 00 44 0f b6 05 5a d9
0x00000000582d35f8:   7a 00 4c 8b e0 45 84 c0 74 39 4c 8b 03 48 8b cb
0x00000000582d3608:   41 ff 50 08 84 c0 74 2b 83 7b 08 00 7e 25 0f b6
0x00000000582d3618:   83 0e 01 00 00 c0 e8 03 a8 01 74 17 48 8b 03 48 


Register to memory mapping:

RAX=0x0000000016893000 is a thread
RBX=0x00000000030052c0 is an unknown value
RCX=0x00000000030052c0 is an unknown value
RDX=0x00000000030052c0 is an unknown value
RSP=0x000000001751d3c0 is pointing into the stack for thread: 0x0000000016893000
RBP=0x000000001799c490 is an unknown value
RSI=0x00000000030052c0 is an unknown value
RDI=0x0000000000000000 is an unknown value
R8 =0x3cccc588ffff0013 is an unknown value
R9 =0x0000000000000000 is an unknown value
R10=0x000000001799c6c0 is an unknown value
R11=0x000000001b658260 is an unknown value
R12=0x0000000016893000 is a thread
R13=0x000000001799c490 is an unknown value
R14=0x000000001a4d6d30 is an unknown value
R15=0x0000000000000000 is an unknown value


Stack: [0x0000000017420000,0x0000000017520000],  sp=0x000000001751d3c0,  free space=1012k
Native frames: (J=compiled Java code, j=interpreted, Vv=VM code, C=native code)
V  [jvm.dll+0x43608]
V  [jvm.dll+0x43999]
V  [jvm.dll+0x41c6b]
V  [jvm.dll+0x420aeb]
V  [jvm.dll+0x41b8da]
V  [jvm.dll+0x41e727]
V  [jvm.dll+0x41eeeb]
V  [jvm.dll+0x41fde6]
V  [jvm.dll+0x420048]
V  [jvm.dll+0x42047b]
V  [jvm.dll+0x41ffd5]
V  [jvm.dll+0x41bd3b]
V  [jvm.dll+0x41e727]
V  [jvm.dll+0x41eeeb]
V  [jvm.dll+0x41fde6]
V  [jvm.dll+0x420048]
V  [jvm.dll+0x42047b]
V  [jvm.dll+0x41ffd5]
V  [jvm.dll+0x41bd3b]
V  [jvm.dll+0x41e727]
V  [jvm.dll+0x41f01d]
V  [jvm.dll+0x41fde6]
V  [jvm.dll+0x420048]
V  [jvm.dll+0x42047b]
V  [jvm.dll+0x41ffd5]
V  [jvm.dll+0x41bd3b]
V  [jvm.dll+0x41e727]
V  [jvm.dll+0x41eeeb]
V  [jvm.dll+0x41fde6]
V  [jvm.dll+0x420048]
V  [jvm.dll+0x42047b]
V  [jvm.dll+0x41ffd5]
V  [jvm.dll+0x41bd3b]
V  [jvm.dll+0x41e727]
V  [jvm.dll+0x41f01d]
V  [jvm.dll+0x41fde6]
V  [jvm.dll+0x420048]
V  [jvm.dll+0x42047b]
V  [jvm.dll+0x41ffd5]
V  [jvm.dll+0x41bd3b]
V  [jvm.dll+0x41e727]
V  [jvm.dll+0x41eeeb]
V  [jvm.dll+0x41fde6]
V  [jvm.dll+0x420048]
V  [jvm.dll+0x41bd3b]
V  [jvm.dll+0x41e727]
V  [jvm.dll+0x41eeeb]
V  [jvm.dll+0x41fde6]
V  [jvm.dll+0x420048]
V  [jvm.dll+0x41bd3b]
V  [jvm.dll+0x41e727]
V  [jvm.dll+0x41f01d]
V  [jvm.dll+0x41f412]
V  [jvm.dll+0x4244f5]
V  [jvm.dll+0x424600]
V  [jvm.dll+0x40ddb8]
V  [jvm.dll+0x40e021]
V  [jvm.dll+0x40e1e2]
V  [jvm.dll+0x40e3b1]
V  [jvm.dll+0x40e5bf]
V  [jvm.dll+0xa5742]
V  [jvm.dll+0xa607f]
V  [jvm.dll+0x244b7f]
V  [jvm.dll+0x29c43a]
C  [msvcr100.dll+0x21d9f]
C  [msvcr100.dll+0x21e3b]
C  [KERNEL32.DLL+0x17c24]
C  [ntdll.dll+0x6d4d1]


Current CompileTask:
C1:   7264 5786       3       android.content.res.TypedArray::$$robo$$android_content_res_TypedArray$loadStringValueAt (51 bytes)


---------------  P R O C E S S  ---------------

Java Threads: ( => current thread )
  0x000000001acf9800 JavaThread "magnifier pixel copy result handler" [_thread_blocked, id=19056, stack(0x000000001f1e0000,0x000000001f2e0000)]
  0x000000001acfc800 JavaThread "Java2D Disposer" daemon [_thread_blocked, id=6548, stack(0x000000001bcd0000,0x000000001bdd0000)]
  0x00000000183cf800 JavaThread "SDK 28 Main Thread" [_thread_in_Java, id=19196, stack(0x0000000019a30000,0x0000000019b30000)]
  0x000000001808c800 JavaThread "/127.0.0.1:53135 to /127.0.0.1:53134 workers Thread 3" [_thread_in_native, id=19980, stack(0x0000000019530000,0x0000000019630000)]
  0x0000000017c70000 JavaThread "/127.0.0.1:53135 to /127.0.0.1:53134 workers Thread 2" [_thread_blocked, id=4992, stack(0x0000000019430000,0x0000000019530000)]
  0x0000000017f04000 JavaThread "Test worker" [_thread_blocked, id=15008, stack(0x0000000018ff0000,0x00000000190f0000)]
  0x0000000016926800 JavaThread "Service Thread" daemon [_thread_blocked, id=19964, stack(0x0000000017520000,0x0000000017620000)]
=>0x0000000016893000 JavaThread "C1 CompilerThread3" daemon [_thread_in_vm, id=11444, stack(0x0000000017420000,0x0000000017520000)]
  0x000000001688f000 JavaThread "C2 CompilerThread2" daemon [_thread_blocked, id=6456, stack(0x0000000017320000,0x0000000017420000)]
  0x000000001688a000 JavaThread "C2 CompilerThread1" daemon [_thread_in_native, id=19748, stack(0x0000000017220000,0x0000000017320000)]
  0x0000000016889800 JavaThread "C2 CompilerThread0" daemon [_thread_blocked, id=2544, stack(0x0000000017120000,0x0000000017220000)]
  0x0000000016886000 JavaThread "Attach Listener" daemon [_thread_blocked, id=18900, stack(0x0000000017020000,0x0000000017120000)]
  0x0000000016885800 JavaThread "Signal Dispatcher" daemon [_thread_blocked, id=13020, stack(0x0000000016f20000,0x0000000017020000)]
  0x00000000030ae000 JavaThread "Finalizer" daemon [_thread_blocked, id=380, stack(0x0000000016be0000,0x0000000016ce0000)]
  0x00000000030a5000 JavaThread "Reference Handler" daemon [_thread_blocked, id=3340, stack(0x00000000166e0000,0x00000000167e0000)]
  0x0000000002ead800 JavaThread "main" [_thread_blocked, id=7160, stack(0x0000000002eb0000,0x0000000002fb0000)]

Other Threads:
  0x0000000014919800 VMThread [stack: 0x00000000165e0000,0x00000000166e0000] [id=18052]
  0x0000000016a1b000 WatcherThread [stack: 0x0000000017620000,0x0000000017720000] [id=6452]

VM state:not at safepoint (normal execution)

VM Mutex/Monitor currently owned by a thread: None

Heap:
 PSYoungGen      total 162816K, used 151920K [0x00000000f5580000, 0x0000000100000000, 0x0000000100000000)
  eden space 152064K, 95% used [0x00000000f5580000,0x00000000fe36f060,0x00000000fea00000)
  from space 10752K, 61% used [0x00000000fea00000,0x00000000ff06d068,0x00000000ff480000)
  to   space 10752K, 0% used [0x00000000ff580000,0x00000000ff580000,0x0000000100000000)
 ParOldGen       total 161280K, used 63196K [0x00000000e0000000, 0x00000000e9d80000, 0x00000000f5580000)
  object space 161280K, 39% used [0x00000000e0000000,0x00000000e3db70a0,0x00000000e9d80000)
 Metaspace       used 57395K, capacity 64811K, committed 65024K, reserved 1105920K
  class space    used 7024K, capacity 9215K, committed 9216K, reserved 1048576K

Card table byte_map: [0x0000000012470000,0x0000000012580000] byte_map_base: 0x0000000011d70000

Marking Bits: (ParMarkBitMap*) 0x0000000058aaa6c0
 Begin Bits: [0x0000000012e30000, 0x0000000013630000)
 End Bits:   [0x0000000013630000, 0x0000000013e30000)

Polling page: 0x0000000002e50000

CodeCache: size=245760Kb used=14705Kb max_used=14717Kb free=231054Kb
 bounds [0x00000000030b0000, 0x0000000003f20000, 0x00000000120b0000]
 total_blobs=6067 nmethods=4760 adapters=1219
 compilation: enabled

Compilation events (10 events):
Event: 7.201 Thread 0x0000000016893000 nmethod 5787 0x0000000003f11650 code [0x0000000003f11980, 0x0000000003f13438]
Event: 7.201 Thread 0x0000000016893000 5791       3       org.robolectric.res.android.ResourceTypes$Res_value::<init> (20 bytes)
Event: 7.202 Thread 0x0000000016893000 nmethod 5791 0x00000000037e8c50 code [0x00000000037e8da0, 0x00000000037e8f50]
Event: 7.202 Thread 0x0000000016893000 5788       3       android.app.ContextImpl::getApplicationInfo (7 bytes)
Event: 7.202 Thread 0x0000000016893000 nmethod 5788 0x0000000003f14750 code [0x0000000003f14a80, 0x0000000003f16568]
Event: 7.202 Thread 0x0000000016893000 5789       3       android.app.ContextImpl::$$robo$$android_app_ContextImpl$getApplicationInfo (26 bytes)
Event: 7.203 Thread 0x0000000016893000 nmethod 5789 0x0000000003f17910 code [0x0000000003f17c60, 0x0000000003f19848]
Event: 7.203 Thread 0x0000000016893000 5792       3       java.lang.invoke.LambdaForm$MH/985811051::exactInvoker (51 bytes)
Event: 7.204 Thread 0x0000000016893000 nmethod 5792 0x0000000003f0cf50 code [0x0000000003f0d140, 0x0000000003f0de28]
Event: 7.204 Thread 0x0000000016893000 5786       3       android.content.res.TypedArray::$$robo$$android_content_res_TypedArray$loadStringValueAt (51 bytes)

GC Heap History (10 events):
Event: 5.210 GC heap before
{Heap before GC invocations=16 (full 3):
 PSYoungGen      total 163328K, used 154112K [0x00000000f5580000, 0x00000000fff00000, 0x0000000100000000)
  eden space 154112K, 100% used [0x00000000f5580000,0x00000000fec00000,0x00000000fec00000)
  from space 9216K, 0% used [0x00000000ff600000,0x00000000ff600000,0x00000000fff00000)
  to   space 9728K, 0% used [0x00000000fec00000,0x00000000fec00000,0x00000000ff580000)
 ParOldGen       total 161280K, used 53529K [0x00000000e0000000, 0x00000000e9d80000, 0x00000000f5580000)
  object space 161280K, 33% used [0x00000000e0000000,0x00000000e34464a0,0x00000000e9d80000)
 Metaspace       used 43795K, capacity 48599K, committed 48768K, reserved 1091584K
  class space    used 5198K, capacity 6677K, committed 6784K, reserved 1048576K
Event: 5.215 GC heap after
Heap after GC invocations=16 (full 3):
 PSYoungGen      total 163840K, used 7578K [0x00000000f5580000, 0x0000000100000000, 0x0000000100000000)
  eden space 154112K, 0% used [0x00000000f5580000,0x00000000f5580000,0x00000000fec00000)
  from space 9728K, 77% used [0x00000000fec00000,0x00000000ff366ad0,0x00000000ff580000)
  to   space 10240K, 0% used [0x00000000ff600000,0x00000000ff600000,0x0000000100000000)
 ParOldGen       total 161280K, used 53537K [0x00000000e0000000, 0x00000000e9d80000, 0x00000000f5580000)
  object space 161280K, 33% used [0x00000000e0000000,0x00000000e34484a0,0x00000000e9d80000)
 Metaspace       used 43795K, capacity 48599K, committed 48768K, reserved 1091584K
  class space    used 5198K, capacity 6677K, committed 6784K, reserved 1048576K
}
Event: 5.782 GC heap before
{Heap before GC invocations=17 (full 3):
 PSYoungGen      total 163840K, used 161690K [0x00000000f5580000, 0x0000000100000000, 0x0000000100000000)
  eden space 154112K, 100% used [0x00000000f5580000,0x00000000fec00000,0x00000000fec00000)
  from space 9728K, 77% used [0x00000000fec00000,0x00000000ff366ad0,0x00000000ff580000)
  to   space 10240K, 0% used [0x00000000ff600000,0x00000000ff600000,0x0000000100000000)
 ParOldGen       total 161280K, used 53537K [0x00000000e0000000, 0x00000000e9d80000, 0x00000000f5580000)
  object space 161280K, 33% used [0x00000000e0000000,0x00000000e34484a0,0x00000000e9d80000)
 Metaspace       used 47870K, capacity 53449K, committed 53760K, reserved 1095680K
  class space    used 5896K, capacity 7592K, committed 7680K, reserved 1048576K
Event: 5.789 GC heap after
Heap after GC invocations=17 (full 3):
 PSYoungGen      total 162304K, used 10237K [0x00000000f5580000, 0x0000000100000000, 0x0000000100000000)
  eden space 152064K, 0% used [0x00000000f5580000,0x00000000f5580000,0x00000000fea00000)
  from space 10240K, 99% used [0x00000000ff600000,0x00000000fffff6f0,0x0000000100000000)
  to   space 11264K, 0% used [0x00000000fea00000,0x00000000fea00000,0x00000000ff500000)
 ParOldGen       total 161280K, used 54171K [0x00000000e0000000, 0x00000000e9d80000, 0x00000000f5580000)
  object space 161280K, 33% used [0x00000000e0000000,0x00000000e34e6fb0,0x00000000e9d80000)
 Metaspace       used 47870K, capacity 53449K, committed 53760K, reserved 1095680K
  class space    used 5896K, capacity 7592K, committed 7680K, reserved 1048576K
}
Event: 6.183 GC heap before
{Heap before GC invocations=18 (full 3):
 PSYoungGen      total 162304K, used 162301K [0x00000000f5580000, 0x0000000100000000, 0x0000000100000000)
  eden space 152064K, 100% used [0x00000000f5580000,0x00000000fea00000,0x00000000fea00000)
  from space 10240K, 99% used [0x00000000ff600000,0x00000000fffff6f0,0x0000000100000000)
  to   space 11264K, 0% used [0x00000000fea00000,0x00000000fea00000,0x00000000ff500000)
 ParOldGen       total 161280K, used 54171K [0x00000000e0000000, 0x00000000e9d80000, 0x00000000f5580000)
  object space 161280K, 33% used [0x00000000e0000000,0x00000000e34e6fb0,0x00000000e9d80000)
 Metaspace       used 51543K, capacity 57935K, committed 57984K, reserved 1099776K
  class space    used 6361K, capacity 8311K, committed 8320K, reserved 1048576K
Event: 6.193 GC heap after
Heap after GC invocations=18 (full 3):
 PSYoungGen      total 163328K, used 4593K [0x00000000f5580000, 0x0000000100000000, 0x0000000100000000)
  eden space 152064K, 0% used [0x00000000f5580000,0x00000000f5580000,0x00000000fea00000)
  from space 11264K, 40% used [0x00000000fea00000,0x00000000fee7c770,0x00000000ff500000)
  to   space 11264K, 0% used [0x00000000ff500000,0x00000000ff500000,0x0000000100000000)
 ParOldGen       total 161280K, used 63180K [0x00000000e0000000, 0x00000000e9d80000, 0x00000000f5580000)
  object space 161280K, 39% used [0x00000000e0000000,0x00000000e3db30a0,0x00000000e9d80000)
 Metaspace       used 51543K, capacity 57935K, committed 57984K, reserved 1099776K
  class space    used 6361K, capacity 8311K, committed 8320K, reserved 1048576K
}
Event: 6.674 GC heap before
{Heap before GC invocations=19 (full 3):
 PSYoungGen      total 163328K, used 156657K [0x00000000f5580000, 0x0000000100000000, 0x0000000100000000)
  eden space 152064K, 100% used [0x00000000f5580000,0x00000000fea00000,0x00000000fea00000)
  from space 11264K, 40% used [0x00000000fea00000,0x00000000fee7c770,0x00000000ff500000)
  to   space 11264K, 0% used [0x00000000ff500000,0x00000000ff500000,0x0000000100000000)
 ParOldGen       total 161280K, used 63180K [0x00000000e0000000, 0x00000000e9d80000, 0x00000000f5580000)
  object space 161280K, 39% used [0x00000000e0000000,0x00000000e3db30a0,0x00000000e9d80000)
 Metaspace       used 55825K, capacity 62293K, committed 62464K, reserved 1103872K
  class space    used 6714K, capacity 8684K, committed 8704K, reserved 1048576K
Event: 6.679 GC heap after
Heap after GC invocations=19 (full 3):
 PSYoungGen      total 162304K, used 6873K [0x00000000f5580000, 0x00000000fff00000, 0x0000000100000000)
  eden space 152064K, 0% used [0x00000000f5580000,0x00000000f5580000,0x00000000fea00000)
  from space 10240K, 67% used [0x00000000ff500000,0x00000000ffbb6530,0x00000000fff00000)
  to   space 10752K, 0% used [0x00000000fea00000,0x00000000fea00000,0x00000000ff480000)
 ParOldGen       total 161280K, used 63188K [0x00000000e0000000, 0x00000000e9d80000, 0x00000000f5580000)
  object space 161280K, 39% used [0x00000000e0000000,0x00000000e3db50a0,0x00000000e9d80000)
 Metaspace       used 55825K, capacity 62293K, committed 62464K, reserved 1103872K
  class space    used 6714K, capacity 8684K, committed 8704K, reserved 1048576K
}
Event: 6.955 GC heap before
{Heap before GC invocations=20 (full 3):
 PSYoungGen      total 162304K, used 158937K [0x00000000f5580000, 0x00000000fff00000, 0x0000000100000000)
  eden space 152064K, 100% used [0x00000000f5580000,0x00000000fea00000,0x00000000fea00000)
  from space 10240K, 67% used [0x00000000ff500000,0x00000000ffbb6530,0x00000000fff00000)
  to   space 10752K, 0% used [0x00000000fea00000,0x00000000fea00000,0x00000000ff480000)
 ParOldGen       total 161280K, used 63188K [0x00000000e0000000, 0x00000000e9d80000, 0x00000000f5580000)
  object space 161280K, 39% used [0x00000000e0000000,0x00000000e3db50a0,0x00000000e9d80000)
 Metaspace       used 56816K, capacity 63859K, committed 64128K, reserved 1103872K
  class space    used 6887K, capacity 8969K, committed 9088K, reserved 1048576K
Event: 6.960 GC heap after
Heap after GC invocations=20 (full 3):
 PSYoungGen      total 162816K, used 6580K [0x00000000f5580000, 0x0000000100000000, 0x0000000100000000)
  eden space 152064K, 0% used [0x00000000f5580000,0x00000000f5580000,0x00000000fea00000)
  from space 10752K, 61% used [0x00000000fea00000,0x00000000ff06d068,0x00000000ff480000)
  to   space 10752K, 0% used [0x00000000ff580000,0x00000000ff580000,0x0000000100000000)
 ParOldGen       total 161280K, used 63196K [0x00000000e0000000, 0x00000000e9d80000, 0x00000000f5580000)
  object space 161280K, 39% used [0x00000000e0000000,0x00000000e3db70a0,0x00000000e9d80000)
 Metaspace       used 56816K, capacity 63859K, committed 64128K, reserved 1103872K
  class space    used 6887K, capacity 8969K, committed 9088K, reserved 1048576K
}

Deoptimization events (10 events):
Event: 6.225 Thread 0x00000000183cf800 Uncommon trap: reason=bimorphic action=maybe_recompile pc=0x0000000003513cb4 method=java.util.regex.Pattern$Curly.study(Ljava/util/regex/Pattern$TreeInfo;)Z @ 31
Event: 6.244 Thread 0x00000000183cf800 Uncommon trap: reason=unstable_if action=reinterpret pc=0x0000000003cf957c method=java.util.ArrayList.remove(I)Ljava/lang/Object; @ 31
Event: 6.257 Thread 0x00000000183cf800 Uncommon trap: reason=class_check action=maybe_recompile pc=0x00000000034ba7ec method=java.io.FilterInputStream.read([B)I @ 5
Event: 6.257 Thread 0x00000000183cf800 Uncommon trap: reason=class_check action=maybe_recompile pc=0x00000000034ba7ec method=java.io.FilterInputStream.read([B)I @ 5
Event: 6.277 Thread 0x00000000183cf800 Uncommon trap: reason=unstable_if action=reinterpret pc=0x0000000003931ea8 method=jdk.internal.org.objectweb.asm.Type.getArgumentsAndReturnSizes(Ljava/lang/String;)I @ 41
Event: 6.277 Thread 0x00000000183cf800 Uncommon trap: reason=unstable_if action=reinterpret pc=0x00000000039e3a78 method=jdk.internal.org.objectweb.asm.Frame.push(Ljdk/internal/org/objectweb/asm/ClassWriter;Ljava/lang/String;)V @ 24
Event: 6.278 Thread 0x00000000183cf800 Uncommon trap: reason=unstable_if action=reinterpret pc=0x0000000003dbaabc method=jdk.internal.org.objectweb.asm.ClassWriter.newMethodItem(Ljava/lang/String;Ljava/lang/String;Ljava/lang/String;Z)Ljdk/internal/org/objectweb/asm/Item; @ 2
Event: 6.428 Thread 0x00000000183cf800 Uncommon trap: reason=unstable_if action=reinterpret pc=0x00000000038c8340 method=org.objectweb.asm.SymbolTable.addConstantUtf8Reference(ILjava/lang/String;)Lorg/objectweb/asm/Symbol; @ 45
Event: 6.428 Thread 0x00000000183cf800 Uncommon trap: reason=unstable_if action=reinterpret pc=0x00000000038fafac method=org.objectweb.asm.ByteVector.putUTF8(Ljava/lang/String;)Lorg/objectweb/asm/ByteVector; @ 93
Event: 6.723 Thread 0x00000000183cf800 Uncommon trap: reason=unstable_if action=reinterpret pc=0x0000000003426948 method=sun.nio.cs.UTF_8$Decoder.decode([BII[C)I @ 30

Internal exceptions (10 events):
Event: 3.229 Thread 0x00000000183cf800 Exception <a 'java/lang/NoSuchFieldError': method resolution failed> (0x00000000f7956168) thrown at [C:\re\workspace\8-2-build-windows-amd64-cygwin\jdk8u111\7883\hotspot\src\share\vm\prims\methodHandles.cpp, line 1146]
Event: 3.288 Thread 0x00000000183cf800 Exception <a 'java/security/PrivilegedActionException'> (0x00000000f8f66fb8) thrown at [C:\re\workspace\8-2-build-windows-amd64-cygwin\jdk8u111\7883\hotspot\src\share\vm\prims\jvm.cpp, line 1386]
Event: 3.288 Thread 0x00000000183cf800 Exception <a 'java/security/PrivilegedActionException'> (0x00000000f8f673b0) thrown at [C:\re\workspace\8-2-build-windows-amd64-cygwin\jdk8u111\7883\hotspot\src\share\vm\prims\jvm.cpp, line 1386]
Event: 3.952 Thread 0x00000000183cf800 Exception <a 'sun/nio/fs/WindowsException'> (0x00000000f6259f90) thrown at [C:\re\workspace\8-2-build-windows-amd64-cygwin\jdk8u111\7883\hotspot\src\share\vm\prims\jni.cpp, line 709]
Event: 4.222 Thread 0x00000000183cf800 Exception <a 'java/lang/NoSuchFieldError': method resolution failed> (0x00000000fd972f80) thrown at [C:\re\workspace\8-2-build-windows-amd64-cygwin\jdk8u111\7883\hotspot\src\share\vm\prims\methodHandles.cpp, line 1146]
Event: 5.118 Thread 0x00000000183cf800 Exception <a 'java/lang/NoSuchFieldError': method resolution failed> (0x00000000fbd01d38) thrown at [C:\re\workspace\8-2-build-windows-amd64-cygwin\jdk8u111\7883\hotspot\src\share\vm\prims\methodHandles.cpp, line 1146]
Event: 5.648 Thread 0x00000000183cf800 Exception <a 'java/io/FileNotFoundException'> (0x00000000fd7897e8) thrown at [C:\re\workspace\8-2-build-windows-amd64-cygwin\jdk8u111\7883\hotspot\src\share\vm\prims\jni.cpp, line 709]
Event: 5.745 Thread 0x00000000183cf800 Implicit null exception at 0x0000000003321cd5 to 0x0000000003321ed1
Event: 6.138 Thread 0x00000000183cf800 Implicit null exception at 0x00000000033d8018 to 0x00000000033d80a6
Event: 6.278 Thread 0x00000000183cf800 Exception <a 'java/lang/NoSuchMethodError': java.lang.Object.lambda$comparingDouble$8dcf42ea$1(Ljava/util/function/ToDoubleFunction;Ljava/lang/Object;Ljava/lang/Object;)I> (0x00000000f657ba48) thrown at [C:\re\workspace\8-2-build-windows-amd64-cygwin\jdk8

Events (10 events):
Event: 7.148 loading class android/view/ViewGroup$OnHierarchyChangeListener
Event: 7.148 loading class android/view/ViewGroup$OnHierarchyChangeListener done
Event: 7.148 loading class android/view/ViewGroup
Event: 7.148 loading class android/view/ViewGroup done
Event: 7.149 loading class androidx/appcompat/widget/AppCompatRadioButton
Event: 7.149 loading class androidx/appcompat/widget/AppCompatRadioButton done
Event: 7.149 loading class android/graphics/drawable/Drawable
Event: 7.149 loading class android/graphics/drawable/Drawable done
Event: 7.149 loading class androidx/appcompat/widget/AppCompatRadioButton
Event: 7.149 loading class androidx/appcompat/widget/AppCompatRadioButton done


Dynamic libraries:
0x00007ff7c5200000 - 0x00007ff7c5237000 	C:\Program Files\Java\jdk1.8.0_111\bin\java.exe
0x00007fff48c40000 - 0x00007fff48e30000 	C:\WINDOWS\SYSTEM32\ntdll.dll
0x00007fff12440000 - 0x00007fff12455000 	C:\Program Files\Avast Software\Avast\aswhook.dll
0x00007fff48330000 - 0x00007fff483e2000 	C:\WINDOWS\System32\KERNEL32.DLL
0x00007fff45bc0000 - 0x00007fff45e65000 	C:\WINDOWS\System32\KERNELBASE.dll
0x00007fff477d0000 - 0x00007fff47873000 	C:\WINDOWS\System32\ADVAPI32.dll
0x00007fff473a0000 - 0x00007fff4743e000 	C:\WINDOWS\System32\msvcrt.dll
0x00007fff46f00000 - 0x00007fff46f97000 	C:\WINDOWS\System32\sechost.dll
0x00007fff46fa0000 - 0x00007fff470bf000 	C:\WINDOWS\System32\RPCRT4.dll
0x00007fff47200000 - 0x00007fff47394000 	C:\WINDOWS\System32\USER32.dll
0x00007fff46410000 - 0x00007fff46431000 	C:\WINDOWS\System32\win32u.dll
0x00007fff48a90000 - 0x00007fff48ab6000 	C:\WINDOWS\System32\GDI32.dll
0x00007fff46270000 - 0x00007fff46408000 	C:\WINDOWS\System32\gdi32full.dll
0x00007fff46c50000 - 0x00007fff46cee000 	C:\WINDOWS\System32\msvcp_win.dll
0x00007fff45f40000 - 0x00007fff4603a000 	C:\WINDOWS\System32\ucrtbase.dll
0x00007fff38ec0000 - 0x00007fff39144000 	C:\WINDOWS\WinSxS\amd64_microsoft.windows.common-controls_6595b64144ccf1df_6.0.18362.1316_none_9e7a364fe461dbd7\COMCTL32.dll
0x00007fff47ff0000 - 0x00007fff48327000 	C:\WINDOWS\System32\combase.dll
0x00007fff46440000 - 0x00007fff464c1000 	C:\WINDOWS\System32\bcryptPrimitives.dll
0x00007fff46cf0000 - 0x00007fff46d1e000 	C:\WINDOWS\System32\IMM32.DLL
0x0000000058b30000 - 0x0000000058c02000 	C:\Program Files\Java\jdk1.8.0_111\jre\bin\msvcr100.dll
0x0000000058290000 - 0x0000000058b2a000 	C:\Program Files\Java\jdk1.8.0_111\jre\bin\server\jvm.dll
0x00007fff47450000 - 0x00007fff47458000 	C:\WINDOWS\System32\PSAPI.DLL
0x00007fff3b6a0000 - 0x00007fff3b6a9000 	C:\WINDOWS\SYSTEM32\WSOCK32.dll
0x00007fff3ff30000 - 0x00007fff3ff3a000 	C:\WINDOWS\SYSTEM32\VERSION.dll
0x00007fff34eb0000 - 0x00007fff34ed4000 	C:\WINDOWS\SYSTEM32\WINMM.dll
0x00007fff489b0000 - 0x00007fff48a1f000 	C:\WINDOWS\System32\WS2_32.dll
0x00007fff34760000 - 0x00007fff3478d000 	C:\WINDOWS\SYSTEM32\winmmbase.dll
0x00007fff46220000 - 0x00007fff4626a000 	C:\WINDOWS\System32\cfgmgr32.dll
0x0000000058280000 - 0x000000005828f000 	C:\Program Files\Java\jdk1.8.0_111\jre\bin\verify.dll
0x0000000058250000 - 0x0000000058279000 	C:\Program Files\Java\jdk1.8.0_111\jre\bin\java.dll
0x0000000058230000 - 0x0000000058246000 	C:\Program Files\Java\jdk1.8.0_111\jre\bin\zip.dll
0x00007fff47900000 - 0x00007fff47fe8000 	C:\WINDOWS\System32\SHELL32.dll
0x00007fff46d20000 - 0x00007fff46dc7000 	C:\WINDOWS\System32\shcore.dll
0x00007fff464d0000 - 0x00007fff46c4b000 	C:\WINDOWS\System32\windows.storage.dll
0x00007fff45b70000 - 0x00007fff45b93000 	C:\WINDOWS\System32\profapi.dll
0x00007fff45b00000 - 0x00007fff45b4a000 	C:\WINDOWS\System32\powrprof.dll
0x00007fff45af0000 - 0x00007fff45b00000 	C:\WINDOWS\System32\UMPDC.dll
0x00007fff47770000 - 0x00007fff477c2000 	C:\WINDOWS\System32\shlwapi.dll
0x00007fff45b50000 - 0x00007fff45b61000 	C:\WINDOWS\System32\kernel.appcore.dll
0x00007fff45e70000 - 0x00007fff45e87000 	C:\WINDOWS\System32\cryptsp.dll
0x0000000058210000 - 0x000000005822a000 	C:\Program Files\Java\jdk1.8.0_111\jre\bin\net.dll
0x00007fff452d0000 - 0x00007fff45337000 	C:\WINDOWS\system32\mswsock.dll
0x00000000581f0000 - 0x0000000058201000 	C:\Program Files\Java\jdk1.8.0_111\jre\bin\nio.dll
0x00007fff44e50000 - 0x00007fff44e83000 	C:\WINDOWS\system32\rsaenh.dll
0x00007fff461f0000 - 0x00007fff46216000 	C:\WINDOWS\System32\bcrypt.dll
0x00007fff45a10000 - 0x00007fff45a35000 	C:\WINDOWS\SYSTEM32\USERENV.dll
0x00007fff454a0000 - 0x00007fff454ac000 	C:\WINDOWS\SYSTEM32\CRYPTBASE.dll
0x00007fff44fe0000 - 0x00007fff4501a000 	C:\WINDOWS\SYSTEM32\IPHLPAPI.DLL
0x00007fff48b20000 - 0x00007fff48b28000 	C:\WINDOWS\System32\NSI.dll
0x00007fff3f3b0000 - 0x00007fff3f3c6000 	C:\WINDOWS\SYSTEM32\dhcpcsvc6.DLL
0x00007fff3fcb0000 - 0x00007fff3fccc000 	C:\WINDOWS\SYSTEM32\dhcpcsvc.DLL
0x00007fff45030000 - 0x00007fff450fb000 	C:\WINDOWS\SYSTEM32\DNSAPI.dll
0x00000000581b0000 - 0x00000000581d4000 	C:\Program Files\Java\jdk1.8.0_111\jre\bin\sunec.dll
0x00000000581a0000 - 0x00000000581ab000 	C:\Program Files\Java\jdk1.8.0_111\jre\bin\sunmscapi.dll
0x00007fff46040000 - 0x00007fff4618a000 	C:\WINDOWS\System32\CRYPT32.dll
0x00007fff45ba0000 - 0x00007fff45bb2000 	C:\WINDOWS\System32\MSASN1.dll
0x0000000057f20000 - 0x00000000580b8000 	C:\Program Files\Java\jdk1.8.0_111\jre\bin\awt.dll
0x00007fff483f0000 - 0x00007fff484b5000 	C:\WINDOWS\System32\OLEAUT32.dll
0x00007fff432e0000 - 0x00007fff4336f000 	C:\WINDOWS\SYSTEM32\apphelp.dll
0x00007fff44450000 - 0x00007fff44644000 	C:\WINDOWS\SYSTEM32\dbghelp.dll

VM Arguments:
jvm_args: -Djava.awt.headless=true -Djava.security.manager=worker.org.gradle.process.internal.worker.child.BootstrapSecurityManager -Dorg.gradle.native=false -Xmx512m -Dfile.encoding=UTF-8 -Duser.country=US -Duser.language=en -Duser.variant -ea 
java_command: worker.org.gradle.process.internal.worker.GradleWorkerMain 'Gradle Test Executor 6'
java_class_path (initial): C:\Users\ROG\.gradle\caches\6.7.1\workerMain\gradle-worker.jar
Launcher Type: SUN_STANDARD

Environment Variables:
PATH=C:\Program Files (x86)\Common Files\Intel\Shared Files\cpp\;C:\Program Files\Git\cmd;C:\Program Files\Microsoft SQL Server\Client SDK\ODBC\170\Tools\Binn\;C:\Program Files (x86)\Microsoft SQL Server\150\Tools\Binn\;C:\Program Files\Microsoft SQL Server\150\Tools\Binn\;C:\Program Files\Microsoft SQL Server\150\DTS\Binn\;C:\Program Files\nodejs\;C:\Program Files (x86)\Microsoft SQL Server\150\DTS\Binn\;C:\Program Files\Azure Data Studio\bin;D:\Semester 5\;C:\Program Files\Java\jdk-11.0.4\bin;C:\Users\ROG\AppData\Local\Programs\Microsoft VS Code\bin;C:\Users\ROG\AppData\Local\Microsoft\WindowsApps;C:\xampp\php;C:\Users\ROG\AppData\Local\ComposerSetup\bin;C:\Users\ROG\AppData\Roaming\Composer\vendor\bin;C:\Users\ROG\AppData\Roaming\npm;C:\Program Files\Azure Data Studio\bin
USERNAME=ROG
OS=Windows_NT
PROCESSOR_IDENTIFIER=Intel64 Family 6 Model 158 Stepping 10, GenuineIntel



---------------  S Y S T E M  ---------------

OS: Windows 10.0 , 64 bit Build 18362 (10.0.18362.1316)

CPU:total 8 (4 cores per cpu, 2 threads per core) family 6 model 158 stepping 10, cmov, cx8, fxsr, mmx, sse, sse2, sse3, ssse3, sse4.1, sse4.2, popcnt, avx, avx2, aes, clmul, erms, 3dnowpref, lzcnt, ht, tsc, tscinvbit, bmi1, bmi2, adx

Memory: 4k page, physical 8237576k(1008756k free), swap 21869064k(9659064k free)

vm_info: Java HotSpot(TM) 64-Bit Server VM (25.111-b14) for windows-amd64 JRE (1.8.0_111-b14), built on Sep 22 2016 19:24:05 by "java_re" with MS VC++ 10.0 (VS2010)

time: Tue Oct 05 09:49:07 2021
elapsed time: 7 seconds (0d 0h 0m 7s)

