#
# A fatal error has been detected by the Java Runtime Environment:
#
#  EXCEPTION_ACCESS_VIOLATION (0xc0000005) at pc=0x00000000582d3608, pid=11832, tid=0x00000000000040dc
#
# JRE version: Java(TM) SE Runtime Environment (8.0_111-b14) (build 1.8.0_111-b14)
# Java VM: Java HotSpot(TM) 64-Bit Server VM (25.111-b14 mixed mode windows-amd64 compressed oops)
# Problematic frame:
# V  [jvm.dll+0x43608]
#
# Failed to write core dump. Minidumps are not enabled by default on client versions of Windows
#
# If you would like to submit a bug report, please visit:
#   http://bugreport.java.com/bugreport/crash.jsp
#

---------------  T H R E A D  ---------------

Current thread (0x00000000166ee800):  JavaThread "C1 CompilerThread3" daemon [_thread_in_vm, id=16604, stack(0x0000000017270000,0x0000000017370000)]

siginfo: ExceptionCode=0xc0000005, reading address 0xffffffffffffffff

Registers:
RAX=0x00000000166ee800, RBX=0x0000000002f052f0, RCX=0x0000000002f052f0, RDX=0x0000000002f052f0
RSP=0x000000001736d080, RBP=0x000000001ad7d0c0, RSI=0x0000000002f052f0, RDI=0x0000000000000000
R8 =0x3cccc588ffff0013, R9 =0x0000000000000000, R10=0x000000001ad7d2f0, R11=0x0000000017ba1b70
R12=0x00000000166ee800, R13=0x000000001ad7d0c0, R14=0x00000000189fc740, R15=0x0000000000000000
RIP=0x00000000582d3608, EFLAGS=0x0000000000010202

Top of Stack: (sp=0x000000001736d080)
0x000000001736d080:   00000000000000b6 000000001736f630
0x000000001736d090:   0000000000000000 0000000000000077
0x000000001736d0a0:   000000001d4e6e78 000000001736f630
0x000000001736d0b0:   000000001736d190 00000000582bfe25
0x000000001736d0c0:   00000000000000e7 00000000582d3999
0x000000001736d0d0:   0000000000000077 0000000000000077
0x000000001736d0e0:   0000000000000000 0000000000000000
0x000000001736d0f0:   00000000000000b6 000000001bb1f4a0
0x000000001736d100:   0000000002eb9b50 00000000582d1c6b
0x000000001736d110:   0000000000000000 00000000166ee800
0x000000001736d120:   00000000189fd8b0 00000000582bce0f
0x000000001736d130:   00000000166ee800 00000000582d6f80
0x000000001736d140:   00000000166ee800 00000000166ee800
0x000000001736d150:   000000001bb1f4a0 00000000586b0aeb
0x000000001736d160:   0000000000000000 0000000000000000
0x000000001736d170:   00000000189fd8b0 0000000000000000 

Instructions: (pc=0x00000000582d3608)
0x00000000582d35e8:   00 48 8b da ff 15 fe 7d 59 00 44 0f b6 05 5a d9
0x00000000582d35f8:   7a 00 4c 8b e0 45 84 c0 74 39 4c 8b 03 48 8b cb
0x00000000582d3608:   41 ff 50 08 84 c0 74 2b 83 7b 08 00 7e 25 0f b6
0x00000000582d3618:   83 0e 01 00 00 c0 e8 03 a8 01 74 17 48 8b 03 48 


Register to memory mapping:

RAX=0x00000000166ee800 is a thread
RBX=0x0000000002f052f0 is an unknown value
RCX=0x0000000002f052f0 is an unknown value
RDX=0x0000000002f052f0 is an unknown value
RSP=0x000000001736d080 is pointing into the stack for thread: 0x00000000166ee800
RBP=0x000000001ad7d0c0 is an unknown value
RSI=0x0000000002f052f0 is an unknown value
RDI=0x0000000000000000 is an unknown value
R8 =0x3cccc588ffff0013 is an unknown value
R9 =0x0000000000000000 is an unknown value
R10=0x000000001ad7d2f0 is an unknown value
R11=0x0000000017ba1b70 is an unknown value
R12=0x00000000166ee800 is a thread
R13=0x000000001ad7d0c0 is an unknown value
R14=0x00000000189fc740 is an unknown value
R15=0x0000000000000000 is an unknown value


Stack: [0x0000000017270000,0x0000000017370000],  sp=0x000000001736d080,  free space=1012k
Native frames: (J=compiled Java code, j=interpreted, Vv=VM code, C=native code)
V  [jvm.dll+0x43608]
V  [jvm.dll+0x43999]
V  [jvm.dll+0x41c6b]
V  [jvm.dll+0x420aeb]
V  [jvm.dll+0x41b8da]
V  [jvm.dll+0x41e727]
V  [jvm.dll+0x41eeeb]
V  [jvm.dll+0x41fde6]
V  [jvm.dll+0x420048]
V  [jvm.dll+0x42047b]
V  [jvm.dll+0x41ffd5]
V  [jvm.dll+0x41bd3b]
V  [jvm.dll+0x41e727]
V  [jvm.dll+0x41eeeb]
V  [jvm.dll+0x41fde6]
V  [jvm.dll+0x420048]
V  [jvm.dll+0x42047b]
V  [jvm.dll+0x41ffd5]
V  [jvm.dll+0x41bd3b]
V  [jvm.dll+0x41e727]
V  [jvm.dll+0x41f01d]
V  [jvm.dll+0x41fde6]
V  [jvm.dll+0x420048]
V  [jvm.dll+0x42047b]
V  [jvm.dll+0x41ffd5]
V  [jvm.dll+0x41bd3b]
V  [jvm.dll+0x41e727]
V  [jvm.dll+0x41eeeb]
V  [jvm.dll+0x41fde6]
V  [jvm.dll+0x420048]
V  [jvm.dll+0x42047b]
V  [jvm.dll+0x41ffd5]
V  [jvm.dll+0x41bd3b]
V  [jvm.dll+0x41e727]
V  [jvm.dll+0x41f01d]
V  [jvm.dll+0x41fde6]
V  [jvm.dll+0x420048]
V  [jvm.dll+0x42047b]
V  [jvm.dll+0x41ffd5]
V  [jvm.dll+0x41bd3b]
V  [jvm.dll+0x41e727]
V  [jvm.dll+0x41eeeb]
V  [jvm.dll+0x41fde6]
V  [jvm.dll+0x420048]
V  [jvm.dll+0x41bd3b]
V  [jvm.dll+0x41e727]
V  [jvm.dll+0x41eeeb]
V  [jvm.dll+0x41fde6]
V  [jvm.dll+0x420048]
V  [jvm.dll+0x41bd3b]
V  [jvm.dll+0x41e727]
V  [jvm.dll+0x41f01d]
V  [jvm.dll+0x41f412]
V  [jvm.dll+0x4244f5]
V  [jvm.dll+0x424600]
V  [jvm.dll+0x40ddb8]
V  [jvm.dll+0x40e021]
V  [jvm.dll+0x40e1e2]
V  [jvm.dll+0x40e3b1]
V  [jvm.dll+0x40e5bf]
V  [jvm.dll+0xa5742]
V  [jvm.dll+0xa607f]
V  [jvm.dll+0x244b7f]
V  [jvm.dll+0x29c43a]
C  [msvcr100.dll+0x21d9f]
C  [msvcr100.dll+0x21e3b]
C  [KERNEL32.DLL+0x17c24]
C  [ntdll.dll+0x6d4d1]


Current CompileTask:
C1:   5672 5922       3       android.content.res.TypedArray::$$robo$$android_content_res_TypedArray$loadStringValueAt (51 bytes)


---------------  P R O C E S S  ---------------

Java Threads: ( => current thread )
  0x0000000019f9b000 JavaThread "magnifier pixel copy result handler" [_thread_blocked, id=2544, stack(0x000000001bc70000,0x000000001bd70000)]
  0x0000000019f95800 JavaThread "Java2D Disposer" daemon [_thread_blocked, id=18900, stack(0x000000001ab90000,0x000000001ac90000)]
  0x0000000018a2b000 JavaThread "SDK 28 Main Thread" [_thread_in_Java, id=18632, stack(0x0000000019680000,0x0000000019780000)]
  0x0000000017ebe000 JavaThread "/127.0.0.1:52325 to /127.0.0.1:53176 workers Thread 3" [_thread_in_native, id=8112, stack(0x0000000019380000,0x0000000019480000)]
  0x0000000017c7f000 JavaThread "/127.0.0.1:52325 to /127.0.0.1:53176 workers Thread 2" [_thread_blocked, id=16536, stack(0x0000000019280000,0x0000000019380000)]
  0x0000000017cbc000 JavaThread "Test worker" [_thread_blocked, id=7288, stack(0x0000000018e40000,0x0000000018f40000)]
  0x000000001677d000 JavaThread "Service Thread" daemon [_thread_blocked, id=5928, stack(0x0000000017370000,0x0000000017470000)]
=>0x00000000166ee800 JavaThread "C1 CompilerThread3" daemon [_thread_in_vm, id=16604, stack(0x0000000017270000,0x0000000017370000)]
  0x00000000166e8800 JavaThread "C2 CompilerThread2" daemon [_thread_blocked, id=20636, stack(0x0000000017170000,0x0000000017270000)]
  0x00000000166d9000 JavaThread "C2 CompilerThread1" daemon [_thread_blocked, id=19704, stack(0x0000000017070000,0x0000000017170000)]
  0x00000000166d8000 JavaThread "C2 CompilerThread0" daemon [_thread_blocked, id=4660, stack(0x0000000016f70000,0x0000000017070000)]
  0x00000000166d5000 JavaThread "Attach Listener" daemon [_thread_blocked, id=636, stack(0x0000000016e70000,0x0000000016f70000)]
  0x00000000166d4800 JavaThread "Signal Dispatcher" daemon [_thread_blocked, id=18048, stack(0x0000000016d70000,0x0000000016e70000)]
  0x0000000002fa9800 JavaThread "Finalizer" daemon [_thread_blocked, id=16796, stack(0x0000000016a30000,0x0000000016b30000)]
  0x0000000002fa6000 JavaThread "Reference Handler" daemon [_thread_blocked, id=6512, stack(0x0000000016530000,0x0000000016630000)]
  0x0000000002dad800 JavaThread "main" [_thread_blocked, id=19864, stack(0x0000000002db0000,0x0000000002eb0000)]

Other Threads:
  0x000000001476a000 VMThread [stack: 0x0000000016430000,0x0000000016530000] [id=9492]
  0x0000000016808800 WatcherThread [stack: 0x0000000017470000,0x0000000017570000] [id=16480]

VM state:not at safepoint (normal execution)

VM Mutex/Monitor currently owned by a thread: None

Heap:
 PSYoungGen      total 161792K, used 137194K [0x00000000f5580000, 0x0000000100000000, 0x0000000100000000)
  eden space 148992K, 87% used [0x00000000f5580000,0x00000000fd505810,0x00000000fe700000)
  from space 12800K, 51% used [0x00000000fe700000,0x00000000fed75068,0x00000000ff380000)
  to   space 12800K, 0% used [0x00000000ff380000,0x00000000ff380000,0x0000000100000000)
 ParOldGen       total 168960K, used 64584K [0x00000000e0000000, 0x00000000ea500000, 0x00000000f5580000)
  object space 168960K, 38% used [0x00000000e0000000,0x00000000e3f12268,0x00000000ea500000)
 Metaspace       used 57377K, capacity 64778K, committed 65072K, reserved 1105920K
  class space    used 7024K, capacity 9214K, committed 9264K, reserved 1048576K

Card table byte_map: [0x0000000012370000,0x0000000012480000] byte_map_base: 0x0000000011c70000

Marking Bits: (ParMarkBitMap*) 0x0000000058aaa6c0
 Begin Bits: [0x0000000012c80000, 0x0000000013480000)
 End Bits:   [0x0000000013480000, 0x0000000013c80000)

Polling page: 0x0000000001470000

CodeCache: size=245760Kb used=14822Kb max_used=14994Kb free=230937Kb
 bounds [0x0000000002fb0000, 0x0000000003e80000, 0x0000000011fb0000]
 total_blobs=6136 nmethods=4829 adapters=1219
 compilation: enabled

Compilation events (10 events):
Event: 5.646 Thread 0x00000000166ee800 nmethod 5919 0x0000000003d3f950 code [0x0000000003d3fae0, 0x0000000003d40098]
Event: 5.646 Thread 0x00000000166ee800 5920       1       android.util.PathParser$PathData::$$robo$getData (5 bytes)
Event: 5.646 Thread 0x00000000166ee800 nmethod 5920 0x00000000039d9210 code [0x00000000039d9360, 0x00000000039d9470]
Event: 5.646 Thread 0x00000000166ee800 5921       3       android.content.res.TypedArray::loadStringValueAt (8 bytes)
Event: 5.647 Thread 0x00000000166ee800 nmethod 5921 0x0000000003a6bf90 code [0x0000000003a6c2c0, 0x0000000003a6dde8]
Event: 5.647 Thread 0x00000000166ee800 5923       3       android.app.LoadedApk::getApplicationInfo (7 bytes)
Event: 5.648 Thread 0x00000000166ee800 nmethod 5923 0x0000000003a68e90 code [0x0000000003a691c0, 0x0000000003a6ac78]
Event: 5.648 Thread 0x00000000166ee800 5926       3       org.robolectric.res.android.ResourceTypes$Res_value::<init> (20 bytes)
Event: 5.648 Thread 0x00000000166ee800 nmethod 5926 0x00000000038ed490 code [0x00000000038ed5e0, 0x00000000038ed790]
Event: 5.648 Thread 0x00000000166ee800 5922       3       android.content.res.TypedArray::$$robo$$android_content_res_TypedArray$loadStringValueAt (51 bytes)

GC Heap History (10 events):
Event: 4.132 GC heap before
{Heap before GC invocations=16 (full 3):
 PSYoungGen      total 163840K, used 153088K [0x00000000f5580000, 0x0000000100000000, 0x0000000100000000)
  eden space 153088K, 100% used [0x00000000f5580000,0x00000000feb00000,0x00000000feb00000)
  from space 10752K, 0% used [0x00000000ff580000,0x00000000ff580000,0x0000000100000000)
  to   space 10752K, 0% used [0x00000000feb00000,0x00000000feb00000,0x00000000ff580000)
 ParOldGen       total 168960K, used 53620K [0x00000000e0000000, 0x00000000ea500000, 0x00000000f5580000)
  object space 168960K, 31% used [0x00000000e0000000,0x00000000e345d118,0x00000000ea500000)
 Metaspace       used 43896K, capacity 48698K, committed 49072K, reserved 1091584K
  class space    used 5232K, capacity 6708K, committed 6832K, reserved 1048576K
Event: 4.136 GC heap after
Heap after GC invocations=16 (full 3):
 PSYoungGen      total 160256K, used 7144K [0x00000000f5580000, 0x00000000fff00000, 0x0000000100000000)
  eden space 153088K, 0% used [0x00000000f5580000,0x00000000f5580000,0x00000000feb00000)
  from space 7168K, 99% used [0x00000000feb00000,0x00000000ff1fa388,0x00000000ff200000)
  to   space 10240K, 0% used [0x00000000ff500000,0x00000000ff500000,0x00000000fff00000)
 ParOldGen       total 168960K, used 53628K [0x00000000e0000000, 0x00000000ea500000, 0x00000000f5580000)
  object space 168960K, 31% used [0x00000000e0000000,0x00000000e345f118,0x00000000ea500000)
 Metaspace       used 43896K, capacity 48698K, committed 49072K, reserved 1091584K
  class space    used 5232K, capacity 6708K, committed 6832K, reserved 1048576K
}
Event: 4.485 GC heap before
{Heap before GC invocations=17 (full 3):
 PSYoungGen      total 160256K, used 160232K [0x00000000f5580000, 0x00000000fff00000, 0x0000000100000000)
  eden space 153088K, 100% used [0x00000000f5580000,0x00000000feb00000,0x00000000feb00000)
  from space 7168K, 99% used [0x00000000feb00000,0x00000000ff1fa388,0x00000000ff200000)
  to   space 10240K, 0% used [0x00000000ff500000,0x00000000ff500000,0x00000000fff00000)
 ParOldGen       total 168960K, used 53628K [0x00000000e0000000, 0x00000000ea500000, 0x00000000f5580000)
  object space 168960K, 31% used [0x00000000e0000000,0x00000000e345f118,0x00000000ea500000)
 Metaspace       used 47868K, capacity 53440K, committed 53680K, reserved 1095680K
  class space    used 5881K, capacity 7591K, committed 7600K, reserved 1048576K
Event: 4.491 GC heap after
Heap after GC invocations=17 (full 3):
 PSYoungGen      total 161280K, used 10231K [0x00000000f5580000, 0x0000000100000000, 0x0000000100000000)
  eden space 151040K, 0% used [0x00000000f5580000,0x00000000f5580000,0x00000000fe900000)
  from space 10240K, 99% used [0x00000000ff500000,0x00000000ffefdda0,0x00000000fff00000)
  to   space 11776K, 0% used [0x00000000fe900000,0x00000000fe900000,0x00000000ff480000)
 ParOldGen       total 168960K, used 54146K [0x00000000e0000000, 0x00000000ea500000, 0x00000000f5580000)
  object space 168960K, 32% used [0x00000000e0000000,0x00000000e34e0a10,0x00000000ea500000)
 Metaspace       used 47868K, capacity 53440K, committed 53680K, reserved 1095680K
  class space    used 5881K, capacity 7591K, committed 7600K, reserved 1048576K
}
Event: 4.848 GC heap before
{Heap before GC invocations=18 (full 3):
 PSYoungGen      total 161280K, used 161271K [0x00000000f5580000, 0x0000000100000000, 0x0000000100000000)
  eden space 151040K, 100% used [0x00000000f5580000,0x00000000fe900000,0x00000000fe900000)
  from space 10240K, 99% used [0x00000000ff500000,0x00000000ffefdda0,0x00000000fff00000)
  to   space 11776K, 0% used [0x00000000fe900000,0x00000000fe900000,0x00000000ff480000)
 ParOldGen       total 168960K, used 54146K [0x00000000e0000000, 0x00000000ea500000, 0x00000000f5580000)
  object space 168960K, 32% used [0x00000000e0000000,0x00000000e34e0a10,0x00000000ea500000)
 Metaspace       used 51518K, capacity 57830K, committed 58032K, reserved 1099776K
  class space    used 6354K, capacity 8298K, committed 8368K, reserved 1048576K
Event: 4.857 GC heap after
Heap after GC invocations=18 (full 3):
 PSYoungGen      total 162816K, used 11766K [0x00000000f5580000, 0x0000000100000000, 0x0000000100000000)
  eden space 151040K, 0% used [0x00000000f5580000,0x00000000f5580000,0x00000000fe900000)
  from space 11776K, 99% used [0x00000000fe900000,0x00000000ff47dbc0,0x00000000ff480000)
  to   space 11776K, 0% used [0x00000000ff480000,0x00000000ff480000,0x0000000100000000)
 ParOldGen       total 168960K, used 55594K [0x00000000e0000000, 0x00000000ea500000, 0x00000000f5580000)
  object space 168960K, 32% used [0x00000000e0000000,0x00000000e364ab90,0x00000000ea500000)
 Metaspace       used 51518K, capacity 57830K, committed 58032K, reserved 1099776K
  class space    used 6354K, capacity 8298K, committed 8368K, reserved 1048576K
}
Event: 5.185 GC heap before
{Heap before GC invocations=19 (full 3):
 PSYoungGen      total 162816K, used 162806K [0x00000000f5580000, 0x0000000100000000, 0x0000000100000000)
  eden space 151040K, 100% used [0x00000000f5580000,0x00000000fe900000,0x00000000fe900000)
  from space 11776K, 99% used [0x00000000fe900000,0x00000000ff47dbc0,0x00000000ff480000)
  to   space 11776K, 0% used [0x00000000ff480000,0x00000000ff480000,0x0000000100000000)
 ParOldGen       total 168960K, used 55594K [0x00000000e0000000, 0x00000000ea500000, 0x00000000f5580000)
  object space 168960K, 32% used [0x00000000e0000000,0x00000000e364ab90,0x00000000ea500000)
 Metaspace       used 55821K, capacity 62288K, committed 62512K, reserved 1103872K
  class space    used 6714K, capacity 8683K, committed 8752K, reserved 1048576K
Event: 5.193 GC heap after
Heap after GC invocations=19 (full 3):
 PSYoungGen      total 160768K, used 6880K [0x00000000f5580000, 0x0000000100000000, 0x0000000100000000)
  eden space 148992K, 0% used [0x00000000f5580000,0x00000000f5580000,0x00000000fe700000)
  from space 11776K, 58% used [0x00000000ff480000,0x00000000ffb38158,0x0000000100000000)
  to   space 12800K, 0% used [0x00000000fe700000,0x00000000fe700000,0x00000000ff380000)
 ParOldGen       total 168960K, used 64584K [0x00000000e0000000, 0x00000000ea500000, 0x00000000f5580000)
  object space 168960K, 38% used [0x00000000e0000000,0x00000000e3f12268,0x00000000ea500000)
 Metaspace       used 55821K, capacity 62288K, committed 62512K, reserved 1103872K
  class space    used 6714K, capacity 8683K, committed 8752K, reserved 1048576K
}
Event: 5.443 GC heap before
{Heap before GC invocations=20 (full 3):
 PSYoungGen      total 160768K, used 155872K [0x00000000f5580000, 0x0000000100000000, 0x0000000100000000)
  eden space 148992K, 100% used [0x00000000f5580000,0x00000000fe700000,0x00000000fe700000)
  from space 11776K, 58% used [0x00000000ff480000,0x00000000ffb38158,0x0000000100000000)
  to   space 12800K, 0% used [0x00000000fe700000,0x00000000fe700000,0x00000000ff380000)
 ParOldGen       total 168960K, used 64584K [0x00000000e0000000, 0x00000000ea500000, 0x00000000f5580000)
  object space 168960K, 38% used [0x00000000e0000000,0x00000000e3f12268,0x00000000ea500000)
 Metaspace       used 56792K, capacity 63744K, committed 63792K, reserved 1103872K
  class space    used 6887K, capacity 8967K, committed 9008K, reserved 1048576K
Event: 5.449 GC heap after
Heap after GC invocations=20 (full 3):
 PSYoungGen      total 161792K, used 6612K [0x00000000f5580000, 0x0000000100000000, 0x0000000100000000)
  eden space 148992K, 0% used [0x00000000f5580000,0x00000000f5580000,0x00000000fe700000)
  from space 12800K, 51% used [0x00000000fe700000,0x00000000fed75068,0x00000000ff380000)
  to   space 12800K, 0% used [0x00000000ff380000,0x00000000ff380000,0x0000000100000000)
 ParOldGen       total 168960K, used 64584K [0x00000000e0000000, 0x00000000ea500000, 0x00000000f5580000)
  object space 168960K, 38% used [0x00000000e0000000,0x00000000e3f12268,0x00000000ea500000)
 Metaspace       used 56792K, capacity 63744K, committed 63792K, reserved 1103872K
  class space    used 6887K, capacity 8967K, committed 9008K, reserved 1048576K
}

Deoptimization events (10 events):
Event: 4.892 Thread 0x0000000018a2b000 Uncommon trap: reason=class_check action=maybe_recompile pc=0x0000000003e431ec method=java.io.FilterInputStream.read([B)I @ 5
Event: 4.904 Thread 0x0000000018a2b000 Uncommon trap: reason=bimorphic action=maybe_recompile pc=0x0000000003e303d4 method=java.util.AbstractList.listIterator()Ljava/util/ListIterator; @ 2
Event: 4.904 Thread 0x0000000018a2b000 Uncommon trap: reason=bimorphic action=maybe_recompile pc=0x0000000003e303d4 method=java.util.AbstractList.listIterator()Ljava/util/ListIterator; @ 2
Event: 4.904 Thread 0x0000000018a2b000 Uncommon trap: reason=bimorphic action=maybe_recompile pc=0x0000000003e303d4 method=java.util.AbstractList.listIterator()Ljava/util/ListIterator; @ 2
Event: 4.909 Thread 0x0000000018a2b000 Uncommon trap: reason=unstable_if action=reinterpret pc=0x00000000037d8a64 method=jdk.internal.org.objectweb.asm.Type.getArgumentsAndReturnSizes(Ljava/lang/String;)I @ 41
Event: 4.909 Thread 0x0000000018a2b000 Uncommon trap: reason=unstable_if action=reinterpret pc=0x000000000387ef84 method=jdk.internal.org.objectweb.asm.Frame.push(Ljdk/internal/org/objectweb/asm/ClassWriter;Ljava/lang/String;)V @ 24
Event: 4.910 Thread 0x0000000018a2b000 Uncommon trap: reason=unstable_if action=reinterpret pc=0x0000000003dd2674 method=jdk.internal.org.objectweb.asm.ClassWriter.newMethodItem(Ljava/lang/String;Ljava/lang/String;Ljava/lang/String;Z)Ljdk/internal/org/objectweb/asm/Item; @ 2
Event: 5.015 Thread 0x0000000018a2b000 Uncommon trap: reason=unstable_if action=reinterpret pc=0x000000000376f2e4 method=org.objectweb.asm.SymbolTable.addConstantUtf8Reference(ILjava/lang/String;)Lorg/objectweb/asm/Symbol; @ 45
Event: 5.015 Thread 0x0000000018a2b000 Uncommon trap: reason=unstable_if action=reinterpret pc=0x000000000378ba90 method=org.objectweb.asm.ByteVector.putUTF8(Ljava/lang/String;)Lorg/objectweb/asm/ByteVector; @ 93
Event: 5.240 Thread 0x0000000018a2b000 Uncommon trap: reason=unstable_if action=reinterpret pc=0x0000000003332888 method=sun.nio.cs.UTF_8$Decoder.decode([BII[C)I @ 30

Internal exceptions (10 events):
Event: 2.273 Thread 0x0000000018a2b000 Exception <a 'java/security/PrivilegedActionException'> (0x00000000f8f075f8) thrown at [C:\re\workspace\8-2-build-windows-amd64-cygwin\jdk8u111\7883\hotspot\src\share\vm\prims\jvm.cpp, line 1386]
Event: 2.273 Thread 0x0000000018a2b000 Exception <a 'java/security/PrivilegedActionException'> (0x00000000f8f079f0) thrown at [C:\re\workspace\8-2-build-windows-amd64-cygwin\jdk8u111\7883\hotspot\src\share\vm\prims\jvm.cpp, line 1386]
Event: 2.876 Thread 0x0000000018a2b000 Exception <a 'sun/nio/fs/WindowsException'> (0x00000000f66f1620) thrown at [C:\re\workspace\8-2-build-windows-amd64-cygwin\jdk8u111\7883\hotspot\src\share\vm\prims\jni.cpp, line 709]
Event: 3.166 Thread 0x0000000018a2b000 Exception <a 'java/lang/NoSuchFieldError': method resolution failed> (0x00000000fdf1a4f0) thrown at [C:\re\workspace\8-2-build-windows-amd64-cygwin\jdk8u111\7883\hotspot\src\share\vm\prims\methodHandles.cpp, line 1146]
Event: 4.060 Thread 0x0000000018a2b000 Exception <a 'java/lang/NoSuchFieldError': method resolution failed> (0x00000000fba8a048) thrown at [C:\re\workspace\8-2-build-windows-amd64-cygwin\jdk8u111\7883\hotspot\src\share\vm\prims\methodHandles.cpp, line 1146]
Event: 4.060 Thread 0x0000000018a2b000 Implicit null exception at 0x0000000003e4fe14 to 0x0000000003e504f1
Event: 4.424 Thread 0x0000000018a2b000 Exception <a 'java/io/FileNotFoundException'> (0x00000000fd60d458) thrown at [C:\re\workspace\8-2-build-windows-amd64-cygwin\jdk8u111\7883\hotspot\src\share\vm\prims\jni.cpp, line 709]
Event: 4.447 Thread 0x0000000018a2b000 Implicit null exception at 0x0000000003212a15 to 0x0000000003212c11
Event: 4.801 Thread 0x0000000018a2b000 Implicit null exception at 0x00000000032d7c18 to 0x00000000032d7ca6
Event: 4.909 Thread 0x0000000018a2b000 Exception <a 'java/lang/NoSuchMethodError': java.lang.Object.lambda$comparingDouble$8dcf42ea$1(Ljava/util/function/ToDoubleFunction;Ljava/lang/Object;Ljava/lang/Object;)I> (0x00000000f65f2048) thrown at [C:\re\workspace\8-2-build-windows-amd64-cygwin\jdk8

Events (10 events):
Event: 5.599 loading class android/view/ViewGroup$OnHierarchyChangeListener
Event: 5.599 loading class android/view/ViewGroup$OnHierarchyChangeListener done
Event: 5.599 loading class android/view/ViewGroup
Event: 5.599 loading class android/view/ViewGroup done
Event: 5.600 loading class androidx/appcompat/widget/AppCompatRadioButton
Event: 5.600 loading class androidx/appcompat/widget/AppCompatRadioButton done
Event: 5.600 loading class android/graphics/drawable/Drawable
Event: 5.600 loading class android/graphics/drawable/Drawable done
Event: 5.600 loading class androidx/appcompat/widget/AppCompatRadioButton
Event: 5.600 loading class androidx/appcompat/widget/AppCompatRadioButton done


Dynamic libraries:
0x00007ff7c5200000 - 0x00007ff7c5237000 	C:\Program Files\Java\jdk1.8.0_111\bin\java.exe
0x00007fff48c40000 - 0x00007fff48e30000 	C:\WINDOWS\SYSTEM32\ntdll.dll
0x00007fff12440000 - 0x00007fff12455000 	C:\Program Files\Avast Software\Avast\aswhook.dll
0x00007fff48330000 - 0x00007fff483e2000 	C:\WINDOWS\System32\KERNEL32.DLL
0x00007fff45bc0000 - 0x00007fff45e65000 	C:\WINDOWS\System32\KERNELBASE.dll
0x00007fff477d0000 - 0x00007fff47873000 	C:\WINDOWS\System32\ADVAPI32.dll
0x00007fff473a0000 - 0x00007fff4743e000 	C:\WINDOWS\System32\msvcrt.dll
0x00007fff46f00000 - 0x00007fff46f97000 	C:\WINDOWS\System32\sechost.dll
0x00007fff46fa0000 - 0x00007fff470bf000 	C:\WINDOWS\System32\RPCRT4.dll
0x00007fff47200000 - 0x00007fff47394000 	C:\WINDOWS\System32\USER32.dll
0x00007fff46410000 - 0x00007fff46431000 	C:\WINDOWS\System32\win32u.dll
0x00007fff48a90000 - 0x00007fff48ab6000 	C:\WINDOWS\System32\GDI32.dll
0x00007fff46270000 - 0x00007fff46408000 	C:\WINDOWS\System32\gdi32full.dll
0x00007fff46c50000 - 0x00007fff46cee000 	C:\WINDOWS\System32\msvcp_win.dll
0x00007fff45f40000 - 0x00007fff4603a000 	C:\WINDOWS\System32\ucrtbase.dll
0x00007fff38ec0000 - 0x00007fff39144000 	C:\WINDOWS\WinSxS\amd64_microsoft.windows.common-controls_6595b64144ccf1df_6.0.18362.1316_none_9e7a364fe461dbd7\COMCTL32.dll
0x00007fff47ff0000 - 0x00007fff48327000 	C:\WINDOWS\System32\combase.dll
0x00007fff46440000 - 0x00007fff464c1000 	C:\WINDOWS\System32\bcryptPrimitives.dll
0x00007fff46cf0000 - 0x00007fff46d1e000 	C:\WINDOWS\System32\IMM32.DLL
0x0000000058b30000 - 0x0000000058c02000 	C:\Program Files\Java\jdk1.8.0_111\jre\bin\msvcr100.dll
0x0000000058290000 - 0x0000000058b2a000 	C:\Program Files\Java\jdk1.8.0_111\jre\bin\server\jvm.dll
0x00007fff47450000 - 0x00007fff47458000 	C:\WINDOWS\System32\PSAPI.DLL
0x00007fff3b6a0000 - 0x00007fff3b6a9000 	C:\WINDOWS\SYSTEM32\WSOCK32.dll
0x00007fff3ff30000 - 0x00007fff3ff3a000 	C:\WINDOWS\SYSTEM32\VERSION.dll
0x00007fff489b0000 - 0x00007fff48a1f000 	C:\WINDOWS\System32\WS2_32.dll
0x00007fff34eb0000 - 0x00007fff34ed4000 	C:\WINDOWS\SYSTEM32\WINMM.dll
0x00007fff34760000 - 0x00007fff3478d000 	C:\WINDOWS\SYSTEM32\WINMMBASE.dll
0x00007fff46220000 - 0x00007fff4626a000 	C:\WINDOWS\System32\cfgmgr32.dll
0x0000000058280000 - 0x000000005828f000 	C:\Program Files\Java\jdk1.8.0_111\jre\bin\verify.dll
0x0000000058250000 - 0x0000000058279000 	C:\Program Files\Java\jdk1.8.0_111\jre\bin\java.dll
0x0000000058230000 - 0x0000000058246000 	C:\Program Files\Java\jdk1.8.0_111\jre\bin\zip.dll
0x00007fff47900000 - 0x00007fff47fe8000 	C:\WINDOWS\System32\SHELL32.dll
0x00007fff46d20000 - 0x00007fff46dc7000 	C:\WINDOWS\System32\shcore.dll
0x00007fff464d0000 - 0x00007fff46c4b000 	C:\WINDOWS\System32\windows.storage.dll
0x00007fff45b70000 - 0x00007fff45b93000 	C:\WINDOWS\System32\profapi.dll
0x00007fff45b00000 - 0x00007fff45b4a000 	C:\WINDOWS\System32\powrprof.dll
0x00007fff45af0000 - 0x00007fff45b00000 	C:\WINDOWS\System32\UMPDC.dll
0x00007fff47770000 - 0x00007fff477c2000 	C:\WINDOWS\System32\shlwapi.dll
0x00007fff45b50000 - 0x00007fff45b61000 	C:\WINDOWS\System32\kernel.appcore.dll
0x00007fff45e70000 - 0x00007fff45e87000 	C:\WINDOWS\System32\cryptsp.dll
0x0000000058210000 - 0x000000005822a000 	C:\Program Files\Java\jdk1.8.0_111\jre\bin\net.dll
0x00007fff452d0000 - 0x00007fff45337000 	C:\WINDOWS\system32\mswsock.dll
0x00000000581f0000 - 0x0000000058201000 	C:\Program Files\Java\jdk1.8.0_111\jre\bin\nio.dll
0x00007fff44e50000 - 0x00007fff44e83000 	C:\WINDOWS\system32\rsaenh.dll
0x00007fff461f0000 - 0x00007fff46216000 	C:\WINDOWS\System32\bcrypt.dll
0x00007fff45a10000 - 0x00007fff45a35000 	C:\WINDOWS\SYSTEM32\USERENV.dll
0x00007fff454a0000 - 0x00007fff454ac000 	C:\WINDOWS\SYSTEM32\CRYPTBASE.dll
0x00007fff44fe0000 - 0x00007fff4501a000 	C:\WINDOWS\SYSTEM32\IPHLPAPI.DLL
0x00007fff48b20000 - 0x00007fff48b28000 	C:\WINDOWS\System32\NSI.dll
0x00007fff3f3b0000 - 0x00007fff3f3c6000 	C:\WINDOWS\SYSTEM32\dhcpcsvc6.DLL
0x00007fff3fcb0000 - 0x00007fff3fccc000 	C:\WINDOWS\SYSTEM32\dhcpcsvc.DLL
0x00007fff45030000 - 0x00007fff450fb000 	C:\WINDOWS\SYSTEM32\DNSAPI.dll
0x00000000581b0000 - 0x00000000581d4000 	C:\Program Files\Java\jdk1.8.0_111\jre\bin\sunec.dll
0x00000000581a0000 - 0x00000000581ab000 	C:\Program Files\Java\jdk1.8.0_111\jre\bin\sunmscapi.dll
0x00007fff46040000 - 0x00007fff4618a000 	C:\WINDOWS\System32\CRYPT32.dll
0x00007fff45ba0000 - 0x00007fff45bb2000 	C:\WINDOWS\System32\MSASN1.dll
0x0000000057f20000 - 0x00000000580b8000 	C:\Program Files\Java\jdk1.8.0_111\jre\bin\awt.dll
0x00007fff483f0000 - 0x00007fff484b5000 	C:\WINDOWS\System32\OLEAUT32.dll
0x00007fff432e0000 - 0x00007fff4336f000 	C:\WINDOWS\SYSTEM32\apphelp.dll
0x00007fff44450000 - 0x00007fff44644000 	C:\WINDOWS\SYSTEM32\dbghelp.dll

VM Arguments:
jvm_args: -Djava.awt.headless=true -Djava.security.manager=worker.org.gradle.process.internal.worker.child.BootstrapSecurityManager -Dorg.gradle.native=false -Xmx512m -Dfile.encoding=UTF-8 -Duser.country=US -Duser.language=en -Duser.variant -ea 
java_command: worker.org.gradle.process.internal.worker.GradleWorkerMain 'Gradle Test Executor 8'
java_class_path (initial): C:\Users\ROG\.gradle\caches\6.7.1\workerMain\gradle-worker.jar
Launcher Type: SUN_STANDARD

Environment Variables:
PATH=C:\Program Files (x86)\Common Files\Intel\Shared Files\cpp\;C:\Program Files\Git\cmd;C:\Program Files\Microsoft SQL Server\Client SDK\ODBC\170\Tools\Binn\;C:\Program Files (x86)\Microsoft SQL Server\150\Tools\Binn\;C:\Program Files\Microsoft SQL Server\150\Tools\Binn\;C:\Program Files\Microsoft SQL Server\150\DTS\Binn\;C:\Program Files\nodejs\;C:\Program Files (x86)\Microsoft SQL Server\150\DTS\Binn\;C:\Program Files\Azure Data Studio\bin;D:\Semester 5\;C:\Program Files\Java\jdk-11.0.4\bin;C:\Users\ROG\AppData\Local\Programs\Microsoft VS Code\bin;C:\Users\ROG\AppData\Local\Microsoft\WindowsApps;C:\xampp\php;C:\Users\ROG\AppData\Local\ComposerSetup\bin;C:\Users\ROG\AppData\Roaming\Composer\vendor\bin;C:\Users\ROG\AppData\Roaming\npm;C:\Program Files\Azure Data Studio\bin
USERNAME=ROG
OS=Windows_NT
PROCESSOR_IDENTIFIER=Intel64 Family 6 Model 158 Stepping 10, GenuineIntel



---------------  S Y S T E M  ---------------

OS: Windows 10.0 , 64 bit Build 18362 (10.0.18362.1316)

CPU:total 8 (4 cores per cpu, 2 threads per core) family 6 model 158 stepping 10, cmov, cx8, fxsr, mmx, sse, sse2, sse3, ssse3, sse4.1, sse4.2, popcnt, avx, avx2, aes, clmul, erms, 3dnowpref, lzcnt, ht, tsc, tscinvbit, bmi1, bmi2, adx

Memory: 4k page, physical 8237576k(947684k free), swap 21869064k(9596852k free)

vm_info: Java HotSpot(TM) 64-Bit Server VM (25.111-b14) for windows-amd64 JRE (1.8.0_111-b14), built on Sep 22 2016 19:24:05 by "java_re" with MS VC++ 10.0 (VS2010)

time: Tue Oct 05 09:49:35 2021
elapsed time: 5 seconds (0d 0h 0m 5s)

