#
# A fatal error has been detected by the Java Runtime Environment:
#
#  EXCEPTION_ACCESS_VIOLATION (0xc0000005) at pc=0x00000000582d3608, pid=4016, tid=0x0000000000005214
#
# JRE version: Java(TM) SE Runtime Environment (8.0_111-b14) (build 1.8.0_111-b14)
# Java VM: Java HotSpot(TM) 64-Bit Server VM (25.111-b14 mixed mode windows-amd64 compressed oops)
# Problematic frame:
# V  [jvm.dll+0x43608]
#
# Failed to write core dump. Minidumps are not enabled by default on client versions of Windows
#
# If you would like to submit a bug report, please visit:
#   http://bugreport.java.com/bugreport/crash.jsp
#

---------------  T H R E A D  ---------------

Current thread (0x0000000016019000):  JavaThread "C1 CompilerThread3" daemon [_thread_in_vm, id=21012, stack(0x0000000016ba0000,0x0000000016ca0000)]

siginfo: ExceptionCode=0xc0000005, reading address 0xffffffffffffffff

Registers:
RAX=0x0000000016019000, RBX=0x00000000027552c0, RCX=0x00000000027552c0, RDX=0x00000000027552c0
RSP=0x0000000016c9d160, RBP=0x0000000019e5f160, RSI=0x00000000027552c0, RDI=0x0000000000000000
R8 =0x3cccc588ffff0013, R9 =0x0000000000000000, R10=0x0000000019e5f390, R11=0x00000000163025c0
R12=0x0000000016019000, R13=0x0000000019e5f160, R14=0x000000001a1cf900, R15=0x0000000000000000
RIP=0x00000000582d3608, EFLAGS=0x0000000000010202

Top of Stack: (sp=0x0000000016c9d160)
0x0000000016c9d160:   00000000000000b6 0000000016c9f710
0x0000000016c9d170:   0000000000000000 0000000000000077
0x0000000016c9d180:   000000001badd1c0 0000000016c9f710
0x0000000016c9d190:   0000000016c9d270 00000000582bfe25
0x0000000016c9d1a0:   00000000000000e7 00000000582d3999
0x0000000016c9d1b0:   0000000000000077 0000000000000077
0x0000000016c9d1c0:   0000000000000000 0000000000000000
0x0000000016c9d1d0:   00000000000000b6 0000000017a2dd50
0x0000000016c9d1e0:   0000000002709b50 00000000582d1c6b
0x0000000016c9d1f0:   0000000000000000 0000000016019000
0x0000000016c9d200:   000000001a1d0a70 00000000582bce0f
0x0000000016c9d210:   0000000016019000 00000000582d6f80
0x0000000016c9d220:   0000000016019000 0000000016019000
0x0000000016c9d230:   0000000017a2dd50 00000000586b0aeb
0x0000000016c9d240:   0000000000000000 0000000000000000
0x0000000016c9d250:   000000001a1d0a70 0000000000000000 

Instructions: (pc=0x00000000582d3608)
0x00000000582d35e8:   00 48 8b da ff 15 fe 7d 59 00 44 0f b6 05 5a d9
0x00000000582d35f8:   7a 00 4c 8b e0 45 84 c0 74 39 4c 8b 03 48 8b cb
0x00000000582d3608:   41 ff 50 08 84 c0 74 2b 83 7b 08 00 7e 25 0f b6
0x00000000582d3618:   83 0e 01 00 00 c0 e8 03 a8 01 74 17 48 8b 03 48 


Register to memory mapping:

RAX=0x0000000016019000 is a thread
RBX=0x00000000027552c0 is an unknown value
RCX=0x00000000027552c0 is an unknown value
RDX=0x00000000027552c0 is an unknown value
RSP=0x0000000016c9d160 is pointing into the stack for thread: 0x0000000016019000
RBP=0x0000000019e5f160 is an unknown value
RSI=0x00000000027552c0 is an unknown value
RDI=0x0000000000000000 is an unknown value
R8 =0x3cccc588ffff0013 is an unknown value
R9 =0x0000000000000000 is an unknown value
R10=0x0000000019e5f390 is an unknown value
R11=0x00000000163025c0 is an unknown value
R12=0x0000000016019000 is a thread
R13=0x0000000019e5f160 is an unknown value
R14=0x000000001a1cf900 is an unknown value
R15=0x0000000000000000 is an unknown value


Stack: [0x0000000016ba0000,0x0000000016ca0000],  sp=0x0000000016c9d160,  free space=1012k
Native frames: (J=compiled Java code, j=interpreted, Vv=VM code, C=native code)
V  [jvm.dll+0x43608]
V  [jvm.dll+0x43999]
V  [jvm.dll+0x41c6b]
V  [jvm.dll+0x420aeb]
V  [jvm.dll+0x41b8da]
V  [jvm.dll+0x41e727]
V  [jvm.dll+0x41eeeb]
V  [jvm.dll+0x41fde6]
V  [jvm.dll+0x420048]
V  [jvm.dll+0x42047b]
V  [jvm.dll+0x41ffd5]
V  [jvm.dll+0x41bd3b]
V  [jvm.dll+0x41e727]
V  [jvm.dll+0x41eeeb]
V  [jvm.dll+0x41fde6]
V  [jvm.dll+0x420048]
V  [jvm.dll+0x42047b]
V  [jvm.dll+0x41ffd5]
V  [jvm.dll+0x41bd3b]
V  [jvm.dll+0x41e727]
V  [jvm.dll+0x41f01d]
V  [jvm.dll+0x41fde6]
V  [jvm.dll+0x420048]
V  [jvm.dll+0x42047b]
V  [jvm.dll+0x41ffd5]
V  [jvm.dll+0x41bd3b]
V  [jvm.dll+0x41e727]
V  [jvm.dll+0x41eeeb]
V  [jvm.dll+0x41fde6]
V  [jvm.dll+0x420048]
V  [jvm.dll+0x42047b]
V  [jvm.dll+0x41ffd5]
V  [jvm.dll+0x41bd3b]
V  [jvm.dll+0x41e727]
V  [jvm.dll+0x41f01d]
V  [jvm.dll+0x41fde6]
V  [jvm.dll+0x420048]
V  [jvm.dll+0x42047b]
V  [jvm.dll+0x41ffd5]
V  [jvm.dll+0x41bd3b]
V  [jvm.dll+0x41e727]
V  [jvm.dll+0x41eeeb]
V  [jvm.dll+0x41fde6]
V  [jvm.dll+0x420048]
V  [jvm.dll+0x41bd3b]
V  [jvm.dll+0x41e727]
V  [jvm.dll+0x41eeeb]
V  [jvm.dll+0x41fde6]
V  [jvm.dll+0x420048]
V  [jvm.dll+0x41bd3b]
V  [jvm.dll+0x41e727]
V  [jvm.dll+0x41f01d]
V  [jvm.dll+0x41f412]
V  [jvm.dll+0x4244f5]
V  [jvm.dll+0x424600]
V  [jvm.dll+0x40ddb8]
V  [jvm.dll+0x40e021]
V  [jvm.dll+0x40e1e2]
V  [jvm.dll+0x40e3b1]
V  [jvm.dll+0x40e5bf]
V  [jvm.dll+0xa5742]
V  [jvm.dll+0xa607f]
V  [jvm.dll+0x244b7f]
V  [jvm.dll+0x29c43a]
C  [msvcr100.dll+0x21d9f]
C  [msvcr100.dll+0x21e3b]
C  [KERNEL32.DLL+0x17c24]
C  [ntdll.dll+0x6d4d1]


Current CompileTask:
C1:   5760 5890       3       android.content.res.TypedArray::$$robo$$android_content_res_TypedArray$loadStringValueAt (51 bytes)


---------------  P R O C E S S  ---------------

Java Threads: ( => current thread )
  0x000000001c6c9000 JavaThread "magnifier pixel copy result handler" [_thread_blocked, id=8132, stack(0x000000001b5a0000,0x000000001b6a0000)]
  0x000000001c6cb800 JavaThread "Java2D Disposer" daemon [_thread_blocked, id=13708, stack(0x000000001a4c0000,0x000000001a5c0000)]
  0x0000000017d0a800 JavaThread "SDK 28 Main Thread" [_thread_in_native, id=1940, stack(0x0000000018fb0000,0x00000000190b0000)]
  0x0000000017422800 JavaThread "/127.0.0.1:53164 to /127.0.0.1:53163 workers Thread 3" [_thread_in_native, id=6180, stack(0x0000000018cb0000,0x0000000018db0000)]
  0x0000000017422000 JavaThread "/127.0.0.1:53164 to /127.0.0.1:53163 workers Thread 2" [_thread_blocked, id=19800, stack(0x0000000018bb0000,0x0000000018cb0000)]
  0x0000000017460800 JavaThread "Test worker" [_thread_blocked, id=17476, stack(0x0000000018770000,0x0000000018870000)]
  0x00000000160b0000 JavaThread "Service Thread" daemon [_thread_blocked, id=14940, stack(0x0000000016ca0000,0x0000000016da0000)]
=>0x0000000016019000 JavaThread "C1 CompilerThread3" daemon [_thread_in_vm, id=21012, stack(0x0000000016ba0000,0x0000000016ca0000)]
  0x000000001600e800 JavaThread "C2 CompilerThread2" daemon [_thread_blocked, id=9764, stack(0x0000000016aa0000,0x0000000016ba0000)]
  0x000000001600d000 JavaThread "C2 CompilerThread1" daemon [_thread_in_native, id=19052, stack(0x00000000169a0000,0x0000000016aa0000)]
  0x000000001600c000 JavaThread "C2 CompilerThread0" daemon [_thread_blocked, id=17444, stack(0x00000000168a0000,0x00000000169a0000)]
  0x0000000016005000 JavaThread "Attach Listener" daemon [_thread_blocked, id=17068, stack(0x00000000167a0000,0x00000000168a0000)]
  0x0000000016004800 JavaThread "Signal Dispatcher" daemon [_thread_blocked, id=18800, stack(0x00000000166a0000,0x00000000167a0000)]
  0x00000000027f9000 JavaThread "Finalizer" daemon [_thread_blocked, id=15000, stack(0x0000000016360000,0x0000000016460000)]
  0x00000000027f6000 JavaThread "Reference Handler" daemon [_thread_blocked, id=15220, stack(0x0000000015e60000,0x0000000015f60000)]
  0x00000000026fd800 JavaThread "main" [_thread_blocked, id=20300, stack(0x0000000002590000,0x0000000002690000)]

Other Threads:
  0x0000000014069800 VMThread [stack: 0x0000000015d60000,0x0000000015e60000] [id=14204]
  0x000000001614c000 WatcherThread [stack: 0x0000000016da0000,0x0000000016ea0000] [id=3872]

VM state:not at safepoint (normal execution)

VM Mutex/Monitor currently owned by a thread: None

Heap:
 PSYoungGen      total 162304K, used 123351K [0x00000000f5580000, 0x0000000100000000, 0x0000000100000000)
  eden space 150016K, 75% used [0x00000000f5580000,0x00000000fc445bf8,0x00000000fe800000)
  from space 12288K, 80% used [0x00000000fe800000,0x00000000ff1b0068,0x00000000ff400000)
  to   space 12288K, 0% used [0x00000000ff400000,0x00000000ff400000,0x0000000100000000)
 ParOldGen       total 170496K, used 60022K [0x00000000e0000000, 0x00000000ea680000, 0x00000000f5580000)
  object space 170496K, 35% used [0x00000000e0000000,0x00000000e3a9d9e0,0x00000000ea680000)
 Metaspace       used 57372K, capacity 64770K, committed 65072K, reserved 1105920K
  class space    used 7019K, capacity 9214K, committed 9264K, reserved 1048576K

Card table byte_map: [0x0000000011bc0000,0x0000000011cd0000] byte_map_base: 0x00000000114c0000

Marking Bits: (ParMarkBitMap*) 0x0000000058aaa6c0
 Begin Bits: [0x0000000012580000, 0x0000000012d80000)
 End Bits:   [0x0000000012d80000, 0x0000000013580000)

Polling page: 0x0000000000f60000

CodeCache: size=245760Kb used=14542Kb max_used=14902Kb free=231217Kb
 bounds [0x0000000002800000, 0x00000000036d0000, 0x0000000011800000]
 total_blobs=6096 nmethods=4789 adapters=1219
 compilation: enabled

Compilation events (10 events):
Event: 5.734 Thread 0x0000000016019000 nmethod 5887 0x000000000321e590 code [0x000000000321e720, 0x000000000321ecd8]
Event: 5.734 Thread 0x0000000016019000 5888       1       android.util.PathParser$PathData::$$robo$getData (5 bytes)
Event: 5.734 Thread 0x0000000016019000 nmethod 5888 0x0000000003440310 code [0x0000000003440460, 0x0000000003440570]
Event: 5.734 Thread 0x0000000016019000 5889       3       android.content.res.TypedArray::loadStringValueAt (8 bytes)
Event: 5.735 Thread 0x0000000016019000 nmethod 5889 0x0000000003479cd0 code [0x000000000347a000, 0x000000000347bb28]
Event: 5.735 Thread 0x0000000016019000 5891       3       android.app.LoadedApk::getApplicationInfo (7 bytes)
Event: 5.736 Thread 0x0000000016019000 nmethod 5891 0x0000000002c0ae50 code [0x0000000002c0b180, 0x0000000002c0cc38]
Event: 5.736 Thread 0x0000000016019000 5894       3       org.robolectric.res.android.ResourceTypes$Res_value::<init> (20 bytes)
Event: 5.736 Thread 0x0000000016019000 nmethod 5894 0x0000000003473110 code [0x0000000003473260, 0x0000000003473410]
Event: 5.736 Thread 0x0000000016019000 5890       3       android.content.res.TypedArray::$$robo$$android_content_res_TypedArray$loadStringValueAt (51 bytes)

GC Heap History (10 events):
Event: 4.199 GC heap before
{Heap before GC invocations=16 (full 3):
 PSYoungGen      total 162816K, used 153088K [0x00000000f5580000, 0x0000000100000000, 0x0000000100000000)
  eden space 153088K, 100% used [0x00000000f5580000,0x00000000feb00000,0x00000000feb00000)
  from space 9728K, 0% used [0x00000000ff680000,0x00000000ff680000,0x0000000100000000)
  to   space 10752K, 0% used [0x00000000feb00000,0x00000000feb00000,0x00000000ff580000)
 ParOldGen       total 170496K, used 53862K [0x00000000e0000000, 0x00000000ea680000, 0x00000000f5580000)
  object space 170496K, 31% used [0x00000000e0000000,0x00000000e3499af8,0x00000000ea680000)
 Metaspace       used 44423K, capacity 49270K, committed 49456K, reserved 1091584K
  class space    used 5419K, capacity 6922K, committed 6960K, reserved 1048576K
Event: 4.204 GC heap after
Heap after GC invocations=16 (full 3):
 PSYoungGen      total 163840K, used 7681K [0x00000000f5580000, 0x0000000100000000, 0x0000000100000000)
  eden space 153088K, 0% used [0x00000000f5580000,0x00000000f5580000,0x00000000feb00000)
  from space 10752K, 71% used [0x00000000feb00000,0x00000000ff2806b0,0x00000000ff580000)
  to   space 10240K, 0% used [0x00000000ff600000,0x00000000ff600000,0x0000000100000000)
 ParOldGen       total 170496K, used 53870K [0x00000000e0000000, 0x00000000ea680000, 0x00000000f5580000)
  object space 170496K, 31% used [0x00000000e0000000,0x00000000e349baf8,0x00000000ea680000)
 Metaspace       used 44423K, capacity 49270K, committed 49456K, reserved 1091584K
  class space    used 5419K, capacity 6922K, committed 6960K, reserved 1048576K
}
Event: 4.542 GC heap before
{Heap before GC invocations=17 (full 3):
 PSYoungGen      total 163840K, used 160769K [0x00000000f5580000, 0x0000000100000000, 0x0000000100000000)
  eden space 153088K, 100% used [0x00000000f5580000,0x00000000feb00000,0x00000000feb00000)
  from space 10752K, 71% used [0x00000000feb00000,0x00000000ff2806b0,0x00000000ff580000)
  to   space 10240K, 0% used [0x00000000ff600000,0x00000000ff600000,0x0000000100000000)
 ParOldGen       total 170496K, used 53870K [0x00000000e0000000, 0x00000000ea680000, 0x00000000f5580000)
  object space 170496K, 31% used [0x00000000e0000000,0x00000000e349baf8,0x00000000ea680000)
 Metaspace       used 48228K, capacity 53780K, committed 53936K, reserved 1095680K
  class space    used 5898K, capacity 7591K, committed 7600K, reserved 1048576K
Event: 4.548 GC heap after
Heap after GC invocations=17 (full 3):
 PSYoungGen      total 161280K, used 10213K [0x00000000f5580000, 0x0000000100000000, 0x0000000100000000)
  eden space 151040K, 0% used [0x00000000f5580000,0x00000000f5580000,0x00000000fe900000)
  from space 10240K, 99% used [0x00000000ff600000,0x00000000ffff9450,0x0000000100000000)
  to   space 11776K, 0% used [0x00000000fe900000,0x00000000fe900000,0x00000000ff480000)
 ParOldGen       total 170496K, used 54582K [0x00000000e0000000, 0x00000000ea680000, 0x00000000f5580000)
  object space 170496K, 32% used [0x00000000e0000000,0x00000000e354d900,0x00000000ea680000)
 Metaspace       used 48228K, capacity 53780K, committed 53936K, reserved 1095680K
  class space    used 5898K, capacity 7591K, committed 7600K, reserved 1048576K
}
Event: 4.922 GC heap before
{Heap before GC invocations=18 (full 3):
 PSYoungGen      total 161280K, used 161253K [0x00000000f5580000, 0x0000000100000000, 0x0000000100000000)
  eden space 151040K, 100% used [0x00000000f5580000,0x00000000fe900000,0x00000000fe900000)
  from space 10240K, 99% used [0x00000000ff600000,0x00000000ffff9450,0x0000000100000000)
  to   space 11776K, 0% used [0x00000000fe900000,0x00000000fe900000,0x00000000ff480000)
 ParOldGen       total 170496K, used 54582K [0x00000000e0000000, 0x00000000ea680000, 0x00000000f5580000)
  object space 170496K, 32% used [0x00000000e0000000,0x00000000e354d900,0x00000000ea680000)
 Metaspace       used 51995K, capacity 58358K, committed 58672K, reserved 1099776K
  class space    used 6429K, capacity 8388K, committed 8496K, reserved 1048576K
Event: 4.932 GC heap after
Heap after GC invocations=18 (full 3):
 PSYoungGen      total 162816K, used 8271K [0x00000000f5580000, 0x0000000100000000, 0x0000000100000000)
  eden space 151040K, 0% used [0x00000000f5580000,0x00000000f5580000,0x00000000fe900000)
  from space 11776K, 70% used [0x00000000fe900000,0x00000000ff113dd8,0x00000000ff480000)
  to   space 11776K, 0% used [0x00000000ff480000,0x00000000ff480000,0x0000000100000000)
 ParOldGen       total 170496K, used 60014K [0x00000000e0000000, 0x00000000ea680000, 0x00000000f5580000)
  object space 170496K, 35% used [0x00000000e0000000,0x00000000e3a9b9e0,0x00000000ea680000)
 Metaspace       used 51995K, capacity 58358K, committed 58672K, reserved 1099776K
  class space    used 6429K, capacity 8388K, committed 8496K, reserved 1048576K
}
Event: 5.273 GC heap before
{Heap before GC invocations=19 (full 3):
 PSYoungGen      total 162816K, used 159311K [0x00000000f5580000, 0x0000000100000000, 0x0000000100000000)
  eden space 151040K, 100% used [0x00000000f5580000,0x00000000fe900000,0x00000000fe900000)
  from space 11776K, 70% used [0x00000000fe900000,0x00000000ff113dd8,0x00000000ff480000)
  to   space 11776K, 0% used [0x00000000ff480000,0x00000000ff480000,0x0000000100000000)
 ParOldGen       total 170496K, used 60014K [0x00000000e0000000, 0x00000000ea680000, 0x00000000f5580000)
  object space 170496K, 35% used [0x00000000e0000000,0x00000000e3a9b9e0,0x00000000ea680000)
 Metaspace       used 55837K, capacity 62304K, committed 62512K, reserved 1103872K
  class space    used 6719K, capacity 8683K, committed 8752K, reserved 1048576K
Event: 5.280 GC heap after
Heap after GC invocations=19 (full 3):
 PSYoungGen      total 161792K, used 9981K [0x00000000f5580000, 0x0000000100000000, 0x0000000100000000)
  eden space 150016K, 0% used [0x00000000f5580000,0x00000000f5580000,0x00000000fe800000)
  from space 11776K, 84% used [0x00000000ff480000,0x00000000ffe3f5d8,0x0000000100000000)
  to   space 12288K, 0% used [0x00000000fe800000,0x00000000fe800000,0x00000000ff400000)
 ParOldGen       total 170496K, used 60014K [0x00000000e0000000, 0x00000000ea680000, 0x00000000f5580000)
  object space 170496K, 35% used [0x00000000e0000000,0x00000000e3a9b9e0,0x00000000ea680000)
 Metaspace       used 55837K, capacity 62304K, committed 62512K, reserved 1103872K
  class space    used 6719K, capacity 8683K, committed 8752K, reserved 1048576K
}
Event: 5.563 GC heap before
{Heap before GC invocations=20 (full 3):
 PSYoungGen      total 161792K, used 159997K [0x00000000f5580000, 0x0000000100000000, 0x0000000100000000)
  eden space 150016K, 100% used [0x00000000f5580000,0x00000000fe800000,0x00000000fe800000)
  from space 11776K, 84% used [0x00000000ff480000,0x00000000ffe3f5d8,0x0000000100000000)
  to   space 12288K, 0% used [0x00000000fe800000,0x00000000fe800000,0x00000000ff400000)
 ParOldGen       total 170496K, used 60014K [0x00000000e0000000, 0x00000000ea680000, 0x00000000f5580000)
  object space 170496K, 35% used [0x00000000e0000000,0x00000000e3a9b9e0,0x00000000ea680000)
 Metaspace       used 56826K, capacity 63858K, committed 64048K, reserved 1103872K
  class space    used 6892K, capacity 8968K, committed 9008K, reserved 1048576K
Event: 5.569 GC heap after
Heap after GC invocations=20 (full 3):
 PSYoungGen      total 162304K, used 9920K [0x00000000f5580000, 0x0000000100000000, 0x0000000100000000)
  eden space 150016K, 0% used [0x00000000f5580000,0x00000000f5580000,0x00000000fe800000)
  from space 12288K, 80% used [0x00000000fe800000,0x00000000ff1b0068,0x00000000ff400000)
  to   space 12288K, 0% used [0x00000000ff400000,0x00000000ff400000,0x0000000100000000)
 ParOldGen       total 170496K, used 60022K [0x00000000e0000000, 0x00000000ea680000, 0x00000000f5580000)
  object space 170496K, 35% used [0x00000000e0000000,0x00000000e3a9d9e0,0x00000000ea680000)
 Metaspace       used 56826K, capacity 63858K, committed 64048K, reserved 1103872K
  class space    used 6892K, capacity 8968K, committed 9008K, reserved 1048576K
}

Deoptimization events (10 events):
Event: 4.907 Thread 0x0000000017d0a800 Uncommon trap: reason=unstable_if action=reinterpret pc=0x000000000328df70 method=java.util.regex.Pattern.atom()Ljava/util/regex/Pattern$Node; @ 255
Event: 4.907 Thread 0x0000000017d0a800 Uncommon trap: reason=bimorphic action=maybe_recompile pc=0x0000000002916834 method=java.util.regex.Pattern$Curly.study(Ljava/util/regex/Pattern$TreeInfo;)Z @ 31
Event: 4.908 Thread 0x0000000017d0a800 Uncommon trap: reason=unstable_if action=reinterpret pc=0x000000000364cffc method=java.util.ArrayList.remove(I)Ljava/lang/Object; @ 31
Event: 4.909 Thread 0x0000000017d0a800 Uncommon trap: reason=class_check action=maybe_recompile pc=0x000000000368812c method=java.io.FilterInputStream.read([B)I @ 5
Event: 4.909 Thread 0x0000000017d0a800 Uncommon trap: reason=class_check action=maybe_recompile pc=0x000000000368812c method=java.io.FilterInputStream.read([B)I @ 5
Event: 4.942 Thread 0x0000000017d0a800 Uncommon trap: reason=unstable_if action=reinterpret pc=0x0000000003038730 method=jdk.internal.org.objectweb.asm.Type.getArgumentsAndReturnSizes(Ljava/lang/String;)I @ 41
Event: 4.942 Thread 0x0000000017d0a800 Uncommon trap: reason=unstable_if action=reinterpret pc=0x00000000030fd3e8 method=jdk.internal.org.objectweb.asm.Frame.push(Ljdk/internal/org/objectweb/asm/ClassWriter;Ljava/lang/String;)V @ 24
Event: 5.051 Thread 0x0000000017d0a800 Uncommon trap: reason=unstable_if action=reinterpret pc=0x0000000002fcdec0 method=org.objectweb.asm.SymbolTable.addConstantUtf8Reference(ILjava/lang/String;)Lorg/objectweb/asm/Symbol; @ 45
Event: 5.051 Thread 0x0000000017d0a800 Uncommon trap: reason=unstable_if action=reinterpret pc=0x0000000002fdf4e0 method=org.objectweb.asm.ByteVector.putUTF8(Ljava/lang/String;)Lorg/objectweb/asm/ByteVector; @ 93
Event: 5.327 Thread 0x0000000017d0a800 Uncommon trap: reason=unstable_if action=reinterpret pc=0x0000000002b82688 method=sun.nio.cs.UTF_8$Decoder.decode([BII[C)I @ 30

Internal exceptions (10 events):
Event: 3.026 Thread 0x0000000017d0a800 Exception <a 'sun/nio/fs/WindowsException'> (0x00000000f60d5068) thrown at [C:\re\workspace\8-2-build-windows-amd64-cygwin\jdk8u111\7883\hotspot\src\share\vm\prims\jni.cpp, line 709]
Event: 3.272 Thread 0x0000000017d0a800 Exception <a 'java/lang/NoSuchFieldError': method resolution failed> (0x00000000fd8b99c8) thrown at [C:\re\workspace\8-2-build-windows-amd64-cygwin\jdk8u111\7883\hotspot\src\share\vm\prims\methodHandles.cpp, line 1146]
Event: 3.849 Thread 0x0000000017d0a800 Implicit null exception at 0x00000000031d162f to 0x00000000031d50d5
Event: 4.094 Thread 0x0000000017d0a800 Exception <a 'java/lang/NoSuchFieldError': method resolution failed> (0x00000000fac9b858) thrown at [C:\re\workspace\8-2-build-windows-amd64-cygwin\jdk8u111\7883\hotspot\src\share\vm\prims\methodHandles.cpp, line 1146]
Event: 4.094 Thread 0x0000000017d0a800 Implicit null exception at 0x000000000368ddac to 0x000000000368da73
Event: 4.466 Thread 0x0000000017d0a800 Exception <a 'java/io/FileNotFoundException'> (0x00000000fc811e40) thrown at [C:\re\workspace\8-2-build-windows-amd64-cygwin\jdk8u111\7883\hotspot\src\share\vm\prims\jni.cpp, line 709]
Event: 4.487 Thread 0x0000000017d0a800 Implicit null exception at 0x0000000002a6a655 to 0x0000000002a6a851
Event: 4.704 Thread 0x0000000017d0a800 Implicit null exception at 0x0000000002971724 to 0x0000000002971fa9
Event: 4.835 Thread 0x0000000017d0a800 Implicit null exception at 0x0000000002b283d8 to 0x0000000002b28466
Event: 4.943 Thread 0x0000000017d0a800 Exception <a 'java/lang/NoSuchMethodError': java.lang.Object.lambda$comparingDouble$8dcf42ea$1(Ljava/util/function/ToDoubleFunction;Ljava/lang/Object;Ljava/lang/Object;)I> (0x00000000f5793280) thrown at [C:\re\workspace\8-2-build-windows-amd64-cygwin\jdk8

Events (10 events):
Event: 5.687 loading class android/view/ViewGroup$OnHierarchyChangeListener
Event: 5.687 loading class android/view/ViewGroup$OnHierarchyChangeListener done
Event: 5.687 loading class android/view/ViewGroup
Event: 5.687 loading class android/view/ViewGroup done
Event: 5.688 loading class androidx/appcompat/widget/AppCompatRadioButton
Event: 5.688 loading class androidx/appcompat/widget/AppCompatRadioButton done
Event: 5.688 loading class android/graphics/drawable/Drawable
Event: 5.688 loading class android/graphics/drawable/Drawable done
Event: 5.688 loading class androidx/appcompat/widget/AppCompatRadioButton
Event: 5.688 loading class androidx/appcompat/widget/AppCompatRadioButton done


Dynamic libraries:
0x00007ff7c5200000 - 0x00007ff7c5237000 	C:\Program Files\Java\jdk1.8.0_111\bin\java.exe
0x00007fff48c40000 - 0x00007fff48e30000 	C:\WINDOWS\SYSTEM32\ntdll.dll
0x00007fff12440000 - 0x00007fff12455000 	C:\Program Files\Avast Software\Avast\aswhook.dll
0x00007fff48330000 - 0x00007fff483e2000 	C:\WINDOWS\System32\KERNEL32.DLL
0x00007fff45bc0000 - 0x00007fff45e65000 	C:\WINDOWS\System32\KERNELBASE.dll
0x00007fff477d0000 - 0x00007fff47873000 	C:\WINDOWS\System32\ADVAPI32.dll
0x00007fff473a0000 - 0x00007fff4743e000 	C:\WINDOWS\System32\msvcrt.dll
0x00007fff46f00000 - 0x00007fff46f97000 	C:\WINDOWS\System32\sechost.dll
0x00007fff46fa0000 - 0x00007fff470bf000 	C:\WINDOWS\System32\RPCRT4.dll
0x00007fff47200000 - 0x00007fff47394000 	C:\WINDOWS\System32\USER32.dll
0x00007fff46410000 - 0x00007fff46431000 	C:\WINDOWS\System32\win32u.dll
0x00007fff48a90000 - 0x00007fff48ab6000 	C:\WINDOWS\System32\GDI32.dll
0x00007fff46270000 - 0x00007fff46408000 	C:\WINDOWS\System32\gdi32full.dll
0x00007fff46c50000 - 0x00007fff46cee000 	C:\WINDOWS\System32\msvcp_win.dll
0x00007fff45f40000 - 0x00007fff4603a000 	C:\WINDOWS\System32\ucrtbase.dll
0x00007fff38ec0000 - 0x00007fff39144000 	C:\WINDOWS\WinSxS\amd64_microsoft.windows.common-controls_6595b64144ccf1df_6.0.18362.1316_none_9e7a364fe461dbd7\COMCTL32.dll
0x00007fff47ff0000 - 0x00007fff48327000 	C:\WINDOWS\System32\combase.dll
0x00007fff46440000 - 0x00007fff464c1000 	C:\WINDOWS\System32\bcryptPrimitives.dll
0x00007fff46cf0000 - 0x00007fff46d1e000 	C:\WINDOWS\System32\IMM32.DLL
0x0000000058b30000 - 0x0000000058c02000 	C:\Program Files\Java\jdk1.8.0_111\jre\bin\msvcr100.dll
0x0000000058290000 - 0x0000000058b2a000 	C:\Program Files\Java\jdk1.8.0_111\jre\bin\server\jvm.dll
0x00007fff47450000 - 0x00007fff47458000 	C:\WINDOWS\System32\PSAPI.DLL
0x00007fff3b6a0000 - 0x00007fff3b6a9000 	C:\WINDOWS\SYSTEM32\WSOCK32.dll
0x00007fff34eb0000 - 0x00007fff34ed4000 	C:\WINDOWS\SYSTEM32\WINMM.dll
0x00007fff3ff30000 - 0x00007fff3ff3a000 	C:\WINDOWS\SYSTEM32\VERSION.dll
0x00007fff489b0000 - 0x00007fff48a1f000 	C:\WINDOWS\System32\WS2_32.dll
0x00007fff34760000 - 0x00007fff3478d000 	C:\WINDOWS\SYSTEM32\winmmbase.dll
0x00007fff46220000 - 0x00007fff4626a000 	C:\WINDOWS\System32\cfgmgr32.dll
0x0000000058280000 - 0x000000005828f000 	C:\Program Files\Java\jdk1.8.0_111\jre\bin\verify.dll
0x0000000058250000 - 0x0000000058279000 	C:\Program Files\Java\jdk1.8.0_111\jre\bin\java.dll
0x0000000058230000 - 0x0000000058246000 	C:\Program Files\Java\jdk1.8.0_111\jre\bin\zip.dll
0x00007fff47900000 - 0x00007fff47fe8000 	C:\WINDOWS\System32\SHELL32.dll
0x00007fff46d20000 - 0x00007fff46dc7000 	C:\WINDOWS\System32\shcore.dll
0x00007fff464d0000 - 0x00007fff46c4b000 	C:\WINDOWS\System32\windows.storage.dll
0x00007fff45b70000 - 0x00007fff45b93000 	C:\WINDOWS\System32\profapi.dll
0x00007fff45b00000 - 0x00007fff45b4a000 	C:\WINDOWS\System32\powrprof.dll
0x00007fff45af0000 - 0x00007fff45b00000 	C:\WINDOWS\System32\UMPDC.dll
0x00007fff47770000 - 0x00007fff477c2000 	C:\WINDOWS\System32\shlwapi.dll
0x00007fff45b50000 - 0x00007fff45b61000 	C:\WINDOWS\System32\kernel.appcore.dll
0x00007fff45e70000 - 0x00007fff45e87000 	C:\WINDOWS\System32\cryptsp.dll
0x0000000058210000 - 0x000000005822a000 	C:\Program Files\Java\jdk1.8.0_111\jre\bin\net.dll
0x00007fff452d0000 - 0x00007fff45337000 	C:\WINDOWS\system32\mswsock.dll
0x00000000581f0000 - 0x0000000058201000 	C:\Program Files\Java\jdk1.8.0_111\jre\bin\nio.dll
0x00007fff44e50000 - 0x00007fff44e83000 	C:\WINDOWS\system32\rsaenh.dll
0x00007fff461f0000 - 0x00007fff46216000 	C:\WINDOWS\System32\bcrypt.dll
0x00007fff45a10000 - 0x00007fff45a35000 	C:\WINDOWS\SYSTEM32\USERENV.dll
0x00007fff454a0000 - 0x00007fff454ac000 	C:\WINDOWS\SYSTEM32\CRYPTBASE.dll
0x00007fff44fe0000 - 0x00007fff4501a000 	C:\WINDOWS\SYSTEM32\IPHLPAPI.DLL
0x00007fff48b20000 - 0x00007fff48b28000 	C:\WINDOWS\System32\NSI.dll
0x00007fff3f3b0000 - 0x00007fff3f3c6000 	C:\WINDOWS\SYSTEM32\dhcpcsvc6.DLL
0x00007fff3fcb0000 - 0x00007fff3fccc000 	C:\WINDOWS\SYSTEM32\dhcpcsvc.DLL
0x00007fff45030000 - 0x00007fff450fb000 	C:\WINDOWS\SYSTEM32\DNSAPI.dll
0x00000000581b0000 - 0x00000000581d4000 	C:\Program Files\Java\jdk1.8.0_111\jre\bin\sunec.dll
0x00000000581a0000 - 0x00000000581ab000 	C:\Program Files\Java\jdk1.8.0_111\jre\bin\sunmscapi.dll
0x00007fff46040000 - 0x00007fff4618a000 	C:\WINDOWS\System32\CRYPT32.dll
0x00007fff45ba0000 - 0x00007fff45bb2000 	C:\WINDOWS\System32\MSASN1.dll
0x0000000057f20000 - 0x00000000580b8000 	C:\Program Files\Java\jdk1.8.0_111\jre\bin\awt.dll
0x00007fff483f0000 - 0x00007fff484b5000 	C:\WINDOWS\System32\OLEAUT32.dll
0x00007fff432e0000 - 0x00007fff4336f000 	C:\WINDOWS\SYSTEM32\apphelp.dll
0x00007fff44450000 - 0x00007fff44644000 	C:\WINDOWS\SYSTEM32\dbghelp.dll

VM Arguments:
jvm_args: -Djava.awt.headless=true -Djava.security.manager=worker.org.gradle.process.internal.worker.child.BootstrapSecurityManager -Dorg.gradle.native=false -Xmx512m -Dfile.encoding=UTF-8 -Duser.country=US -Duser.language=en -Duser.variant -ea 
java_command: worker.org.gradle.process.internal.worker.GradleWorkerMain 'Gradle Test Executor 7'
java_class_path (initial): C:\Users\ROG\.gradle\caches\6.7.1\workerMain\gradle-worker.jar
Launcher Type: SUN_STANDARD

Environment Variables:
PATH=C:\Program Files (x86)\Common Files\Intel\Shared Files\cpp\;C:\Program Files\Git\cmd;C:\Program Files\Microsoft SQL Server\Client SDK\ODBC\170\Tools\Binn\;C:\Program Files (x86)\Microsoft SQL Server\150\Tools\Binn\;C:\Program Files\Microsoft SQL Server\150\Tools\Binn\;C:\Program Files\Microsoft SQL Server\150\DTS\Binn\;C:\Program Files\nodejs\;C:\Program Files (x86)\Microsoft SQL Server\150\DTS\Binn\;C:\Program Files\Azure Data Studio\bin;D:\Semester 5\;C:\Program Files\Java\jdk-11.0.4\bin;C:\Users\ROG\AppData\Local\Programs\Microsoft VS Code\bin;C:\Users\ROG\AppData\Local\Microsoft\WindowsApps;C:\xampp\php;C:\Users\ROG\AppData\Local\ComposerSetup\bin;C:\Users\ROG\AppData\Roaming\Composer\vendor\bin;C:\Users\ROG\AppData\Roaming\npm;C:\Program Files\Azure Data Studio\bin
USERNAME=ROG
OS=Windows_NT
PROCESSOR_IDENTIFIER=Intel64 Family 6 Model 158 Stepping 10, GenuineIntel



---------------  S Y S T E M  ---------------

OS: Windows 10.0 , 64 bit Build 18362 (10.0.18362.1316)

CPU:total 8 (4 cores per cpu, 2 threads per core) family 6 model 158 stepping 10, cmov, cx8, fxsr, mmx, sse, sse2, sse3, ssse3, sse4.1, sse4.2, popcnt, avx, avx2, aes, clmul, erms, 3dnowpref, lzcnt, ht, tsc, tscinvbit, bmi1, bmi2, adx

Memory: 4k page, physical 8237576k(975368k free), swap 21869064k(9639376k free)

vm_info: Java HotSpot(TM) 64-Bit Server VM (25.111-b14) for windows-amd64 JRE (1.8.0_111-b14), built on Sep 22 2016 19:24:05 by "java_re" with MS VC++ 10.0 (VS2010)

time: Tue Oct 05 09:49:25 2021
elapsed time: 5 seconds (0d 0h 0m 5s)

